<?xml version="1.0" encoding="UTF-8"?>
<coverage generated="1656464748997" clover="3.2.0">
  <project timestamp="1656464748998" name="All files">
    <metrics statements="378" coveredstatements="95" conditionals="222" coveredconditionals="15" methods="62" coveredmethods="30" elements="662" coveredelements="140" complexity="0" loc="378" ncloc="378" packages="1" files="1" classes="1"/>
    <file name="index.js" path="C:\Users\germa\OneDrive\Escritorio\repos\backendtmp\index.js">
      <metrics statements="378" coveredstatements="95" conditionals="222" coveredconditionals="15" methods="62" coveredmethods="30"/>
      <line num="5" count="1" type="stmt"/>
      <line num="6" count="1" type="stmt"/>
      <line num="7" count="1" type="stmt"/>
      <line num="10" count="1" type="stmt"/>
      <line num="18" count="1" type="stmt"/>
      <line num="19" count="1" type="stmt"/>
      <line num="20" count="1" type="stmt"/>
      <line num="24" count="1" type="cond" truecount="1" falsecount="1"/>
      <line num="25" count="0" type="stmt"/>
      <line num="27" count="1" type="stmt"/>
      <line num="33" count="1" type="stmt"/>
      <line num="43" count="1" type="stmt"/>
      <line num="44" count="1" type="stmt"/>
      <line num="57" count="1" type="cond" truecount="1" falsecount="1"/>
      <line num="58" count="0" type="stmt"/>
      <line num="60" count="1" type="stmt"/>
      <line num="67" count="1" type="stmt"/>
      <line num="68" count="0" type="stmt"/>
      <line num="69" count="0" type="stmt"/>
      <line num="70" count="0" type="stmt"/>
      <line num="75" count="0" type="cond" truecount="0" falsecount="2"/>
      <line num="76" count="0" type="stmt"/>
      <line num="78" count="0" type="stmt"/>
      <line num="86" count="1" type="stmt"/>
      <line num="87" count="0" type="stmt"/>
      <line num="88" count="0" type="stmt"/>
      <line num="92" count="0" type="cond" truecount="0" falsecount="2"/>
      <line num="93" count="0" type="stmt"/>
      <line num="95" count="0" type="stmt"/>
      <line num="101" count="1" type="stmt"/>
      <line num="102" count="0" type="stmt"/>
      <line num="103" count="0" type="stmt"/>
      <line num="107" count="0" type="cond" truecount="0" falsecount="2"/>
      <line num="108" count="0" type="stmt"/>
      <line num="110" count="0" type="stmt"/>
      <line num="117" count="1" type="stmt"/>
      <line num="118" count="0" type="stmt"/>
      <line num="119" count="0" type="stmt"/>
      <line num="123" count="0" type="cond" truecount="0" falsecount="2"/>
      <line num="124" count="0" type="stmt"/>
      <line num="126" count="0" type="stmt"/>
      <line num="132" count="1" type="stmt"/>
      <line num="133" count="6" type="stmt"/>
      <line num="134" count="6" type="stmt"/>
      <line num="138" count="6" type="cond" truecount="1" falsecount="1"/>
      <line num="139" count="0" type="stmt"/>
      <line num="141" count="6" type="stmt"/>
      <line num="148" count="1" type="stmt"/>
      <line num="149" count="6" type="stmt"/>
      <line num="150" count="6" type="stmt"/>
      <line num="152" count="6" type="stmt"/>
      <line num="156" count="6" type="cond" truecount="1" falsecount="1"/>
      <line num="157" count="0" type="stmt"/>
      <line num="159" count="6" type="stmt"/>
      <line num="166" count="1" type="stmt"/>
      <line num="167" count="0" type="stmt"/>
      <line num="169" count="0" type="stmt"/>
      <line num="173" count="0" type="cond" truecount="0" falsecount="2"/>
      <line num="174" count="0" type="stmt"/>
      <line num="176" count="0" type="stmt"/>
      <line num="177" count="0" type="stmt"/>
      <line num="184" count="1" type="stmt"/>
      <line num="185" count="0" type="stmt"/>
      <line num="186" count="0" type="stmt"/>
      <line num="192" count="0" type="cond" truecount="0" falsecount="2"/>
      <line num="193" count="0" type="stmt"/>
      <line num="195" count="0" type="stmt"/>
      <line num="203" count="1" type="stmt"/>
      <line num="204" count="0" type="stmt"/>
      <line num="205" count="0" type="stmt"/>
      <line num="206" count="0" type="stmt"/>
      <line num="207" count="0" type="stmt"/>
      <line num="209" count="0" type="stmt"/>
      <line num="211" count="0" type="cond" truecount="0" falsecount="4"/>
      <line num="212" count="0" type="cond" truecount="0" falsecount="2"/>
      <line num="213" count="0" type="stmt"/>
      <line num="214" count="0" type="cond" truecount="0" falsecount="2"/>
      <line num="215" count="0" type="stmt"/>
      <line num="216" count="0" type="stmt"/>
      <line num="217" count="0" type="stmt"/>
      <line num="219" count="0" type="cond" truecount="0" falsecount="4"/>
      <line num="220" count="0" type="cond" truecount="0" falsecount="2"/>
      <line num="221" count="0" type="stmt"/>
      <line num="222" count="0" type="cond" truecount="0" falsecount="2"/>
      <line num="223" count="0" type="stmt"/>
      <line num="224" count="0" type="stmt"/>
      <line num="225" count="0" type="stmt"/>
      <line num="228" count="0" type="cond" truecount="0" falsecount="4"/>
      <line num="229" count="0" type="cond" truecount="0" falsecount="2"/>
      <line num="230" count="0" type="stmt"/>
      <line num="231" count="0" type="cond" truecount="0" falsecount="2"/>
      <line num="232" count="0" type="stmt"/>
      <line num="233" count="0" type="stmt"/>
      <line num="234" count="0" type="stmt"/>
      <line num="237" count="0" type="cond" truecount="0" falsecount="4"/>
      <line num="238" count="0" type="cond" truecount="0" falsecount="2"/>
      <line num="239" count="0" type="stmt"/>
      <line num="240" count="0" type="cond" truecount="0" falsecount="2"/>
      <line num="241" count="0" type="stmt"/>
      <line num="242" count="0" type="stmt"/>
      <line num="243" count="0" type="stmt"/>
      <line num="245" count="0" type="stmt"/>
      <line num="246" count="0" type="stmt"/>
      <line num="247" count="0" type="cond" truecount="0" falsecount="2"/>
      <line num="248" count="0" type="stmt"/>
      <line num="250" count="0" type="stmt"/>
      <line num="256" count="1" type="stmt"/>
      <line num="257" count="0" type="stmt"/>
      <line num="258" count="0" type="stmt"/>
      <line num="259" count="0" type="stmt"/>
      <line num="260" count="0" type="stmt"/>
      <line num="261" count="0" type="stmt"/>
      <line num="263" count="0" type="cond" truecount="0" falsecount="4"/>
      <line num="264" count="0" type="cond" truecount="0" falsecount="2"/>
      <line num="265" count="0" type="stmt"/>
      <line num="266" count="0" type="cond" truecount="0" falsecount="2"/>
      <line num="267" count="0" type="stmt"/>
      <line num="268" count="0" type="stmt"/>
      <line num="269" count="0" type="stmt"/>
      <line num="271" count="0" type="cond" truecount="0" falsecount="4"/>
      <line num="272" count="0" type="cond" truecount="0" falsecount="2"/>
      <line num="273" count="0" type="stmt"/>
      <line num="274" count="0" type="cond" truecount="0" falsecount="2"/>
      <line num="275" count="0" type="stmt"/>
      <line num="276" count="0" type="stmt"/>
      <line num="277" count="0" type="stmt"/>
      <line num="279" count="0" type="stmt"/>
      <line num="280" count="0" type="stmt"/>
      <line num="281" count="0" type="cond" truecount="0" falsecount="2"/>
      <line num="282" count="0" type="stmt"/>
      <line num="284" count="0" type="stmt"/>
      <line num="289" count="1" type="stmt"/>
      <line num="290" count="3" type="stmt"/>
      <line num="291" count="3" type="stmt"/>
      <line num="293" count="3" type="stmt"/>
      <line num="297" count="3" type="cond" truecount="1" falsecount="1"/>
      <line num="298" count="0" type="stmt"/>
      <line num="300" count="3" type="stmt"/>
      <line num="301" count="3" type="stmt"/>
      <line num="308" count="1" type="stmt"/>
      <line num="309" count="0" type="stmt"/>
      <line num="311" count="0" type="stmt"/>
      <line num="312" count="0" type="cond" truecount="0" falsecount="2"/>
      <line num="313" count="0" type="stmt"/>
      <line num="315" count="0" type="stmt"/>
      <line num="316" count="0" type="stmt"/>
      <line num="322" count="1" type="stmt"/>
      <line num="323" count="1" type="stmt"/>
      <line num="324" count="1" type="cond" truecount="1" falsecount="1"/>
      <line num="325" count="0" type="stmt"/>
      <line num="327" count="1" type="stmt"/>
      <line num="333" count="1" type="stmt"/>
      <line num="334" count="1" type="stmt"/>
      <line num="335" count="1" type="cond" truecount="1" falsecount="1"/>
      <line num="336" count="0" type="stmt"/>
      <line num="338" count="1" type="stmt"/>
      <line num="344" count="1" type="stmt"/>
      <line num="345" count="1" type="stmt"/>
      <line num="346" count="1" type="cond" truecount="1" falsecount="1"/>
      <line num="347" count="0" type="stmt"/>
      <line num="349" count="1" type="stmt"/>
      <line num="358" count="1" type="stmt"/>
      <line num="359" count="3" type="stmt"/>
      <line num="360" count="3" type="stmt"/>
      <line num="364" count="3" type="cond" truecount="1" falsecount="1"/>
      <line num="365" count="0" type="stmt"/>
      <line num="366" count="0" type="stmt"/>
      <line num="368" count="3" type="stmt"/>
      <line num="375" count="1" type="stmt"/>
      <line num="385" count="3" type="stmt"/>
      <line num="387" count="3" type="stmt"/>
      <line num="391" count="3" type="cond" truecount="1" falsecount="1"/>
      <line num="392" count="0" type="stmt"/>
      <line num="394" count="3" type="stmt"/>
      <line num="401" count="1" type="stmt"/>
      <line num="403" count="3" type="stmt"/>
      <line num="405" count="3" type="stmt"/>
      <line num="409" count="3" type="cond" truecount="1" falsecount="1"/>
      <line num="410" count="0" type="stmt"/>
      <line num="412" count="3" type="stmt"/>
      <line num="420" count="1" type="stmt"/>
      <line num="422" count="0" type="stmt"/>
      <line num="423" count="0" type="stmt"/>
      <line num="424" count="0" type="stmt"/>
      <line num="425" count="0" type="stmt"/>
      <line num="427" count="0" type="stmt"/>
      <line num="429" count="0" type="stmt"/>
      <line num="430" count="0" type="stmt"/>
      <line num="431" count="0" type="stmt"/>
      <line num="432" count="0" type="stmt"/>
      <line num="434" count="0" type="cond" truecount="0" falsecount="4"/>
      <line num="435" count="0" type="cond" truecount="0" falsecount="2"/>
      <line num="436" count="0" type="stmt"/>
      <line num="437" count="0" type="cond" truecount="0" falsecount="2"/>
      <line num="438" count="0" type="stmt"/>
      <line num="439" count="0" type="stmt"/>
      <line num="440" count="0" type="stmt"/>
      <line num="443" count="0" type="cond" truecount="0" falsecount="4"/>
      <line num="444" count="0" type="cond" truecount="0" falsecount="2"/>
      <line num="445" count="0" type="stmt"/>
      <line num="446" count="0" type="cond" truecount="0" falsecount="2"/>
      <line num="447" count="0" type="stmt"/>
      <line num="448" count="0" type="stmt"/>
      <line num="449" count="0" type="stmt"/>
      <line num="452" count="0" type="cond" truecount="0" falsecount="4"/>
      <line num="453" count="0" type="cond" truecount="0" falsecount="2"/>
      <line num="454" count="0" type="stmt"/>
      <line num="455" count="0" type="cond" truecount="0" falsecount="2"/>
      <line num="456" count="0" type="stmt"/>
      <line num="457" count="0" type="stmt"/>
      <line num="458" count="0" type="stmt"/>
      <line num="461" count="0" type="cond" truecount="0" falsecount="4"/>
      <line num="462" count="0" type="cond" truecount="0" falsecount="2"/>
      <line num="463" count="0" type="stmt"/>
      <line num="464" count="0" type="cond" truecount="0" falsecount="2"/>
      <line num="465" count="0" type="stmt"/>
      <line num="466" count="0" type="stmt"/>
      <line num="467" count="0" type="stmt"/>
      <line num="469" count="0" type="stmt"/>
      <line num="470" count="0" type="cond" truecount="0" falsecount="2"/>
      <line num="471" count="0" type="stmt"/>
      <line num="473" count="0" type="stmt"/>
      <line num="479" count="1" type="stmt"/>
      <line num="481" count="0" type="stmt"/>
      <line num="483" count="0" type="stmt"/>
      <line num="487" count="0" type="cond" truecount="0" falsecount="2"/>
      <line num="488" count="0" type="stmt"/>
      <line num="489" count="0" type="stmt"/>
      <line num="491" count="0" type="stmt"/>
      <line num="497" count="1" type="stmt"/>
      <line num="499" count="0" type="stmt"/>
      <line num="500" count="0" type="stmt"/>
      <line num="501" count="0" type="stmt"/>
      <line num="502" count="0" type="stmt"/>
      <line num="504" count="0" type="stmt"/>
      <line num="506" count="0" type="cond" truecount="0" falsecount="4"/>
      <line num="507" count="0" type="cond" truecount="0" falsecount="2"/>
      <line num="508" count="0" type="stmt"/>
      <line num="509" count="0" type="cond" truecount="0" falsecount="2"/>
      <line num="510" count="0" type="stmt"/>
      <line num="511" count="0" type="stmt"/>
      <line num="512" count="0" type="stmt"/>
      <line num="515" count="0" type="cond" truecount="0" falsecount="4"/>
      <line num="516" count="0" type="cond" truecount="0" falsecount="2"/>
      <line num="517" count="0" type="stmt"/>
      <line num="518" count="0" type="cond" truecount="0" falsecount="2"/>
      <line num="519" count="0" type="stmt"/>
      <line num="520" count="0" type="stmt"/>
      <line num="521" count="0" type="stmt"/>
      <line num="524" count="0" type="cond" truecount="0" falsecount="4"/>
      <line num="525" count="0" type="cond" truecount="0" falsecount="2"/>
      <line num="526" count="0" type="stmt"/>
      <line num="527" count="0" type="cond" truecount="0" falsecount="2"/>
      <line num="528" count="0" type="stmt"/>
      <line num="529" count="0" type="stmt"/>
      <line num="530" count="0" type="stmt"/>
      <line num="533" count="0" type="cond" truecount="0" falsecount="4"/>
      <line num="534" count="0" type="cond" truecount="0" falsecount="2"/>
      <line num="535" count="0" type="stmt"/>
      <line num="536" count="0" type="stmt"/>
      <line num="537" count="0" type="cond" truecount="0" falsecount="2"/>
      <line num="538" count="0" type="stmt"/>
      <line num="539" count="0" type="stmt"/>
      <line num="541" count="0" type="stmt"/>
      <line num="542" count="0" type="cond" truecount="0" falsecount="2"/>
      <line num="543" count="0" type="stmt"/>
      <line num="545" count="0" type="stmt"/>
      <line num="550" count="1" type="stmt"/>
      <line num="552" count="0" type="stmt"/>
      <line num="553" count="0" type="stmt"/>
      <line num="554" count="0" type="stmt"/>
      <line num="555" count="0" type="stmt"/>
      <line num="557" count="0" type="stmt"/>
      <line num="559" count="0" type="stmt"/>
      <line num="560" count="0" type="stmt"/>
      <line num="561" count="0" type="stmt"/>
      <line num="562" count="0" type="stmt"/>
      <line num="564" count="0" type="cond" truecount="0" falsecount="4"/>
      <line num="565" count="0" type="cond" truecount="0" falsecount="2"/>
      <line num="566" count="0" type="stmt"/>
      <line num="567" count="0" type="cond" truecount="0" falsecount="2"/>
      <line num="568" count="0" type="stmt"/>
      <line num="569" count="0" type="stmt"/>
      <line num="571" count="0" type="stmt"/>
      <line num="573" count="0" type="cond" truecount="0" falsecount="4"/>
      <line num="574" count="0" type="cond" truecount="0" falsecount="2"/>
      <line num="575" count="0" type="stmt"/>
      <line num="576" count="0" type="cond" truecount="0" falsecount="2"/>
      <line num="577" count="0" type="stmt"/>
      <line num="578" count="0" type="stmt"/>
      <line num="579" count="0" type="stmt"/>
      <line num="581" count="0" type="stmt"/>
      <line num="582" count="0" type="cond" truecount="0" falsecount="2"/>
      <line num="583" count="0" type="stmt"/>
      <line num="585" count="0" type="stmt"/>
      <line num="590" count="1" type="stmt"/>
      <line num="592" count="3" type="stmt"/>
      <line num="593" count="3" type="stmt"/>
      <line num="597" count="3" type="cond" truecount="1" falsecount="1"/>
      <line num="598" count="0" type="stmt"/>
      <line num="599" count="0" type="stmt"/>
      <line num="601" count="3" type="stmt"/>
      <line num="607" count="1" type="stmt"/>
      <line num="609" count="3" type="stmt"/>
      <line num="610" count="3" type="stmt"/>
      <line num="614" count="3" type="cond" truecount="1" falsecount="1"/>
      <line num="615" count="0" type="stmt"/>
      <line num="616" count="0" type="stmt"/>
      <line num="618" count="3" type="stmt"/>
      <line num="624" count="1" type="stmt"/>
      <line num="626" count="3" type="stmt"/>
      <line num="627" count="3" type="stmt"/>
      <line num="631" count="3" type="cond" truecount="1" falsecount="1"/>
      <line num="632" count="0" type="stmt"/>
      <line num="633" count="0" type="stmt"/>
      <line num="635" count="3" type="stmt"/>
      <line num="641" count="1" type="stmt"/>
      <line num="643" count="3" type="stmt"/>
      <line num="644" count="3" type="stmt"/>
      <line num="648" count="3" type="cond" truecount="1" falsecount="1"/>
      <line num="649" count="0" type="stmt"/>
      <line num="650" count="0" type="stmt"/>
      <line num="652" count="3" type="stmt"/>
      <line num="658" count="1" type="stmt"/>
      <line num="659" count="0" type="stmt"/>
      <line num="660" count="0" type="stmt"/>
      <line num="661" count="0" type="stmt"/>
      <line num="665" count="0" type="cond" truecount="0" falsecount="2"/>
      <line num="666" count="0" type="stmt"/>
      <line num="668" count="0" type="stmt"/>
      <line num="669" count="0" type="stmt"/>
      <line num="675" count="1" type="stmt"/>
      <line num="677" count="0" type="stmt"/>
      <line num="678" count="0" type="stmt"/>
      <line num="679" count="0" type="stmt"/>
      <line num="680" count="0" type="stmt"/>
      <line num="682" count="0" type="stmt"/>
      <line num="684" count="0" type="cond" truecount="0" falsecount="4"/>
      <line num="685" count="0" type="cond" truecount="0" falsecount="2"/>
      <line num="686" count="0" type="stmt"/>
      <line num="687" count="0" type="cond" truecount="0" falsecount="2"/>
      <line num="688" count="0" type="stmt"/>
      <line num="689" count="0" type="stmt"/>
      <line num="690" count="0" type="stmt"/>
      <line num="693" count="0" type="cond" truecount="0" falsecount="4"/>
      <line num="694" count="0" type="cond" truecount="0" falsecount="2"/>
      <line num="695" count="0" type="stmt"/>
      <line num="696" count="0" type="cond" truecount="0" falsecount="2"/>
      <line num="697" count="0" type="stmt"/>
      <line num="698" count="0" type="stmt"/>
      <line num="699" count="0" type="stmt"/>
      <line num="702" count="0" type="cond" truecount="0" falsecount="4"/>
      <line num="703" count="0" type="cond" truecount="0" falsecount="2"/>
      <line num="704" count="0" type="stmt"/>
      <line num="705" count="0" type="cond" truecount="0" falsecount="2"/>
      <line num="706" count="0" type="stmt"/>
      <line num="707" count="0" type="stmt"/>
      <line num="708" count="0" type="stmt"/>
      <line num="711" count="0" type="cond" truecount="0" falsecount="4"/>
      <line num="712" count="0" type="cond" truecount="0" falsecount="2"/>
      <line num="713" count="0" type="stmt"/>
      <line num="714" count="0" type="cond" truecount="0" falsecount="2"/>
      <line num="715" count="0" type="stmt"/>
      <line num="716" count="0" type="stmt"/>
      <line num="717" count="0" type="stmt"/>
      <line num="720" count="0" type="stmt"/>
      <line num="721" count="0" type="stmt"/>
      <line num="722" count="0" type="cond" truecount="0" falsecount="2"/>
      <line num="723" count="0" type="stmt"/>
      <line num="725" count="0" type="stmt"/>
      <line num="726" count="0" type="stmt"/>
      <line num="731" count="1" type="stmt"/>
      <line num="732" count="0" type="stmt"/>
      <line num="734" count="0" type="stmt"/>
      <line num="738" count="0" type="cond" truecount="0" falsecount="2"/>
      <line num="739" count="0" type="stmt"/>
      <line num="741" count="0" type="stmt"/>
      <line num="742" count="0" type="stmt"/>
    </file>
  </project>
</coverage>
