{"C:\\Users\\germa\\OneDrive\\Escritorio\\repos\\backendtmp\\index.js": {"path":"C:\\Users\\germa\\OneDrive\\Escritorio\\repos\\backendtmp\\index.js","statementMap":{"0":{"start":{"line":5,"column":12},"end":{"line":5,"column":21}},"1":{"start":{"line":6,"column":0},"end":{"line":6,"column":24}},"2":{"start":{"line":7,"column":0},"end":{"line":7,"column":16}},"3":{"start":{"line":10,"column":22},"end":{"line":16,"column":2}},"4":{"start":{"line":18,"column":0},"end":{"line":31,"column":3}},"5":{"start":{"line":19,"column":19},"end":{"line":19,"column":27}},"6":{"start":{"line":20,"column":2},"end":{"line":30,"column":4}},"7":{"start":{"line":24,"column":6},"end":{"line":28,"column":7}},"8":{"start":{"line":25,"column":8},"end":{"line":25,"column":33}},"9":{"start":{"line":27,"column":8},"end":{"line":27,"column":35}},"10":{"start":{"line":33,"column":0},"end":{"line":64,"column":3}},"11":{"start":{"line":43,"column":6},"end":{"line":43,"column":14}},"12":{"start":{"line":44,"column":2},"end":{"line":63,"column":4}},"13":{"start":{"line":57,"column":6},"end":{"line":61,"column":7}},"14":{"start":{"line":58,"column":8},"end":{"line":58,"column":33}},"15":{"start":{"line":60,"column":8},"end":{"line":60,"column":28}},"16":{"start":{"line":67,"column":0},"end":{"line":82,"column":3}},"17":{"start":{"line":68,"column":34},"end":{"line":68,"column":42}},"18":{"start":{"line":69,"column":13},"end":{"line":69,"column":14}},"19":{"start":{"line":70,"column":2},"end":{"line":81,"column":4}},"20":{"start":{"line":75,"column":6},"end":{"line":79,"column":7}},"21":{"start":{"line":76,"column":8},"end":{"line":76,"column":33}},"22":{"start":{"line":78,"column":8},"end":{"line":78,"column":28}},"23":{"start":{"line":86,"column":0},"end":{"line":99,"column":3}},"24":{"start":{"line":87,"column":26},"end":{"line":87,"column":34}},"25":{"start":{"line":88,"column":2},"end":{"line":98,"column":4}},"26":{"start":{"line":92,"column":6},"end":{"line":96,"column":7}},"27":{"start":{"line":93,"column":8},"end":{"line":93,"column":33}},"28":{"start":{"line":95,"column":8},"end":{"line":95,"column":28}},"29":{"start":{"line":101,"column":0},"end":{"line":114,"column":3}},"30":{"start":{"line":102,"column":21},"end":{"line":102,"column":29}},"31":{"start":{"line":103,"column":2},"end":{"line":113,"column":4}},"32":{"start":{"line":107,"column":6},"end":{"line":111,"column":7}},"33":{"start":{"line":108,"column":8},"end":{"line":108,"column":33}},"34":{"start":{"line":110,"column":8},"end":{"line":110,"column":28}},"35":{"start":{"line":117,"column":0},"end":{"line":130,"column":3}},"36":{"start":{"line":118,"column":26},"end":{"line":118,"column":34}},"37":{"start":{"line":119,"column":2},"end":{"line":129,"column":4}},"38":{"start":{"line":123,"column":6},"end":{"line":127,"column":7}},"39":{"start":{"line":124,"column":8},"end":{"line":124,"column":33}},"40":{"start":{"line":126,"column":8},"end":{"line":126,"column":28}},"41":{"start":{"line":132,"column":0},"end":{"line":145,"column":3}},"42":{"start":{"line":133,"column":60},"end":{"line":133,"column":68}},"43":{"start":{"line":134,"column":2},"end":{"line":144,"column":4}},"44":{"start":{"line":138,"column":6},"end":{"line":142,"column":7}},"45":{"start":{"line":139,"column":8},"end":{"line":139,"column":33}},"46":{"start":{"line":141,"column":8},"end":{"line":141,"column":28}},"47":{"start":{"line":148,"column":0},"end":{"line":163,"column":3}},"48":{"start":{"line":149,"column":49},"end":{"line":149,"column":57}},"49":{"start":{"line":150,"column":2},"end":{"line":150,"column":27}},"50":{"start":{"line":152,"column":2},"end":{"line":162,"column":4}},"51":{"start":{"line":156,"column":6},"end":{"line":160,"column":7}},"52":{"start":{"line":157,"column":8},"end":{"line":157,"column":33}},"53":{"start":{"line":159,"column":8},"end":{"line":159,"column":28}},"54":{"start":{"line":166,"column":0},"end":{"line":181,"column":3}},"55":{"start":{"line":167,"column":17},"end":{"line":167,"column":25}},"56":{"start":{"line":169,"column":2},"end":{"line":180,"column":4}},"57":{"start":{"line":173,"column":6},"end":{"line":178,"column":7}},"58":{"start":{"line":174,"column":8},"end":{"line":174,"column":33}},"59":{"start":{"line":176,"column":8},"end":{"line":176,"column":28}},"60":{"start":{"line":177,"column":8},"end":{"line":177,"column":15}},"61":{"start":{"line":184,"column":0},"end":{"line":199,"column":3}},"62":{"start":{"line":185,"column":26},"end":{"line":185,"column":34}},"63":{"start":{"line":186,"column":2},"end":{"line":198,"column":4}},"64":{"start":{"line":192,"column":6},"end":{"line":196,"column":7}},"65":{"start":{"line":193,"column":8},"end":{"line":193,"column":33}},"66":{"start":{"line":195,"column":8},"end":{"line":195,"column":28}},"67":{"start":{"line":203,"column":0},"end":{"line":253,"column":3}},"68":{"start":{"line":204,"column":51},"end":{"line":204,"column":59}},"69":{"start":{"line":205,"column":13},"end":{"line":205,"column":15}},"70":{"start":{"line":206,"column":13},"end":{"line":206,"column":18}},"71":{"start":{"line":207,"column":15},"end":{"line":207,"column":19}},"72":{"start":{"line":209,"column":4},"end":{"line":209,"column":170}},"73":{"start":{"line":211,"column":2},"end":{"line":218,"column":3}},"74":{"start":{"line":212,"column":4},"end":{"line":212,"column":34}},"75":{"start":{"line":212,"column":16},"end":{"line":212,"column":34}},"76":{"start":{"line":213,"column":4},"end":{"line":213,"column":19}},"77":{"start":{"line":214,"column":4},"end":{"line":214,"column":30}},"78":{"start":{"line":214,"column":14},"end":{"line":214,"column":30}},"79":{"start":{"line":215,"column":4},"end":{"line":215,"column":32}},"80":{"start":{"line":216,"column":4},"end":{"line":216,"column":22}},"81":{"start":{"line":217,"column":4},"end":{"line":217,"column":16}},"82":{"start":{"line":219,"column":2},"end":{"line":226,"column":3}},"83":{"start":{"line":220,"column":4},"end":{"line":220,"column":34}},"84":{"start":{"line":220,"column":16},"end":{"line":220,"column":34}},"85":{"start":{"line":221,"column":4},"end":{"line":221,"column":19}},"86":{"start":{"line":222,"column":4},"end":{"line":222,"column":30}},"87":{"start":{"line":222,"column":14},"end":{"line":222,"column":30}},"88":{"start":{"line":223,"column":4},"end":{"line":223,"column":36}},"89":{"start":{"line":224,"column":4},"end":{"line":224,"column":29}},"90":{"start":{"line":225,"column":4},"end":{"line":225,"column":16}},"91":{"start":{"line":228,"column":2},"end":{"line":235,"column":3}},"92":{"start":{"line":229,"column":4},"end":{"line":229,"column":36}},"93":{"start":{"line":229,"column":16},"end":{"line":229,"column":36}},"94":{"start":{"line":230,"column":4},"end":{"line":230,"column":19}},"95":{"start":{"line":231,"column":4},"end":{"line":231,"column":32}},"96":{"start":{"line":231,"column":14},"end":{"line":231,"column":32}},"97":{"start":{"line":232,"column":4},"end":{"line":232,"column":31}},"98":{"start":{"line":233,"column":4},"end":{"line":233,"column":22}},"99":{"start":{"line":234,"column":4},"end":{"line":234,"column":16}},"100":{"start":{"line":237,"column":2},"end":{"line":244,"column":3}},"101":{"start":{"line":238,"column":4},"end":{"line":238,"column":36}},"102":{"start":{"line":238,"column":16},"end":{"line":238,"column":36}},"103":{"start":{"line":239,"column":4},"end":{"line":239,"column":19}},"104":{"start":{"line":240,"column":4},"end":{"line":240,"column":32}},"105":{"start":{"line":240,"column":14},"end":{"line":240,"column":32}},"106":{"start":{"line":241,"column":4},"end":{"line":241,"column":36}},"107":{"start":{"line":242,"column":4},"end":{"line":242,"column":21}},"108":{"start":{"line":243,"column":4},"end":{"line":243,"column":16}},"109":{"start":{"line":245,"column":2},"end":{"line":245,"column":22}},"110":{"start":{"line":246,"column":2},"end":{"line":252,"column":5}},"111":{"start":{"line":247,"column":4},"end":{"line":251,"column":5}},"112":{"start":{"line":248,"column":6},"end":{"line":248,"column":20}},"113":{"start":{"line":250,"column":6},"end":{"line":250,"column":23}},"114":{"start":{"line":256,"column":0},"end":{"line":287,"column":3}},"115":{"start":{"line":257,"column":31},"end":{"line":257,"column":39}},"116":{"start":{"line":258,"column":13},"end":{"line":258,"column":15}},"117":{"start":{"line":259,"column":13},"end":{"line":259,"column":18}},"118":{"start":{"line":260,"column":15},"end":{"line":260,"column":19}},"119":{"start":{"line":261,"column":15},"end":{"line":261,"column":44}},"120":{"start":{"line":263,"column":2},"end":{"line":270,"column":3}},"121":{"start":{"line":264,"column":4},"end":{"line":264,"column":36}},"122":{"start":{"line":264,"column":16},"end":{"line":264,"column":36}},"123":{"start":{"line":265,"column":4},"end":{"line":265,"column":19}},"124":{"start":{"line":266,"column":4},"end":{"line":266,"column":32}},"125":{"start":{"line":266,"column":14},"end":{"line":266,"column":32}},"126":{"start":{"line":267,"column":4},"end":{"line":267,"column":48}},"127":{"start":{"line":268,"column":4},"end":{"line":268,"column":21}},"128":{"start":{"line":269,"column":4},"end":{"line":269,"column":16}},"129":{"start":{"line":271,"column":2},"end":{"line":278,"column":3}},"130":{"start":{"line":272,"column":4},"end":{"line":272,"column":36}},"131":{"start":{"line":272,"column":16},"end":{"line":272,"column":36}},"132":{"start":{"line":273,"column":4},"end":{"line":273,"column":19}},"133":{"start":{"line":274,"column":4},"end":{"line":274,"column":32}},"134":{"start":{"line":274,"column":14},"end":{"line":274,"column":32}},"135":{"start":{"line":275,"column":4},"end":{"line":275,"column":52}},"136":{"start":{"line":276,"column":4},"end":{"line":276,"column":25}},"137":{"start":{"line":277,"column":4},"end":{"line":277,"column":16}},"138":{"start":{"line":279,"column":2},"end":{"line":279,"column":16}},"139":{"start":{"line":280,"column":2},"end":{"line":286,"column":5}},"140":{"start":{"line":281,"column":4},"end":{"line":285,"column":5}},"141":{"start":{"line":282,"column":6},"end":{"line":282,"column":20}},"142":{"start":{"line":284,"column":6},"end":{"line":284,"column":23}},"143":{"start":{"line":289,"column":0},"end":{"line":305,"column":3}},"144":{"start":{"line":290,"column":23},"end":{"line":290,"column":31}},"145":{"start":{"line":291,"column":2},"end":{"line":291,"column":19}},"146":{"start":{"line":293,"column":2},"end":{"line":304,"column":4}},"147":{"start":{"line":297,"column":6},"end":{"line":302,"column":7}},"148":{"start":{"line":298,"column":8},"end":{"line":298,"column":33}},"149":{"start":{"line":300,"column":8},"end":{"line":300,"column":28}},"150":{"start":{"line":301,"column":8},"end":{"line":301,"column":15}},"151":{"start":{"line":308,"column":0},"end":{"line":319,"column":3}},"152":{"start":{"line":309,"column":21},"end":{"line":309,"column":29}},"153":{"start":{"line":311,"column":2},"end":{"line":318,"column":5}},"154":{"start":{"line":312,"column":4},"end":{"line":317,"column":5}},"155":{"start":{"line":313,"column":6},"end":{"line":313,"column":31}},"156":{"start":{"line":315,"column":6},"end":{"line":315,"column":26}},"157":{"start":{"line":316,"column":6},"end":{"line":316,"column":13}},"158":{"start":{"line":322,"column":0},"end":{"line":330,"column":3}},"159":{"start":{"line":323,"column":2},"end":{"line":329,"column":5}},"160":{"start":{"line":324,"column":4},"end":{"line":328,"column":5}},"161":{"start":{"line":325,"column":6},"end":{"line":325,"column":23}},"162":{"start":{"line":327,"column":6},"end":{"line":327,"column":26}},"163":{"start":{"line":333,"column":0},"end":{"line":341,"column":3}},"164":{"start":{"line":334,"column":2},"end":{"line":340,"column":5}},"165":{"start":{"line":335,"column":4},"end":{"line":339,"column":5}},"166":{"start":{"line":336,"column":6},"end":{"line":336,"column":23}},"167":{"start":{"line":338,"column":6},"end":{"line":338,"column":26}},"168":{"start":{"line":344,"column":0},"end":{"line":352,"column":3}},"169":{"start":{"line":345,"column":2},"end":{"line":351,"column":5}},"170":{"start":{"line":346,"column":4},"end":{"line":350,"column":5}},"171":{"start":{"line":347,"column":6},"end":{"line":347,"column":23}},"172":{"start":{"line":349,"column":6},"end":{"line":349,"column":26}},"173":{"start":{"line":358,"column":0},"end":{"line":372,"column":3}},"174":{"start":{"line":359,"column":61},"end":{"line":359,"column":69}},"175":{"start":{"line":360,"column":2},"end":{"line":371,"column":4}},"176":{"start":{"line":364,"column":6},"end":{"line":369,"column":7}},"177":{"start":{"line":365,"column":8},"end":{"line":365,"column":33}},"178":{"start":{"line":366,"column":8},"end":{"line":366,"column":25}},"179":{"start":{"line":368,"column":8},"end":{"line":368,"column":28}},"180":{"start":{"line":375,"column":0},"end":{"line":398,"column":3}},"181":{"start":{"line":385,"column":6},"end":{"line":385,"column":14}},"182":{"start":{"line":387,"column":2},"end":{"line":397,"column":4}},"183":{"start":{"line":391,"column":6},"end":{"line":395,"column":7}},"184":{"start":{"line":392,"column":8},"end":{"line":392,"column":33}},"185":{"start":{"line":394,"column":8},"end":{"line":394,"column":28}},"186":{"start":{"line":401,"column":0},"end":{"line":416,"column":3}},"187":{"start":{"line":403,"column":52},"end":{"line":403,"column":60}},"188":{"start":{"line":405,"column":2},"end":{"line":415,"column":4}},"189":{"start":{"line":409,"column":6},"end":{"line":413,"column":7}},"190":{"start":{"line":410,"column":8},"end":{"line":410,"column":33}},"191":{"start":{"line":412,"column":8},"end":{"line":412,"column":28}},"192":{"start":{"line":420,"column":0},"end":{"line":476,"column":3}},"193":{"start":{"line":422,"column":55},"end":{"line":422,"column":63}},"194":{"start":{"line":423,"column":13},"end":{"line":423,"column":15}},"195":{"start":{"line":424,"column":13},"end":{"line":424,"column":18}},"196":{"start":{"line":425,"column":15},"end":{"line":425,"column":19}},"197":{"start":{"line":427,"column":4},"end":{"line":427,"column":122}},"198":{"start":{"line":429,"column":2},"end":{"line":429,"column":38}},"199":{"start":{"line":430,"column":2},"end":{"line":430,"column":24}},"200":{"start":{"line":431,"column":2},"end":{"line":431,"column":17}},"201":{"start":{"line":432,"column":2},"end":{"line":432,"column":14}},"202":{"start":{"line":434,"column":2},"end":{"line":441,"column":3}},"203":{"start":{"line":435,"column":4},"end":{"line":435,"column":36}},"204":{"start":{"line":435,"column":16},"end":{"line":435,"column":36}},"205":{"start":{"line":436,"column":4},"end":{"line":436,"column":19}},"206":{"start":{"line":437,"column":4},"end":{"line":437,"column":32}},"207":{"start":{"line":437,"column":14},"end":{"line":437,"column":32}},"208":{"start":{"line":438,"column":4},"end":{"line":438,"column":29}},"209":{"start":{"line":439,"column":4},"end":{"line":439,"column":21}},"210":{"start":{"line":440,"column":4},"end":{"line":440,"column":16}},"211":{"start":{"line":443,"column":2},"end":{"line":450,"column":3}},"212":{"start":{"line":444,"column":4},"end":{"line":444,"column":36}},"213":{"start":{"line":444,"column":16},"end":{"line":444,"column":36}},"214":{"start":{"line":445,"column":4},"end":{"line":445,"column":19}},"215":{"start":{"line":446,"column":4},"end":{"line":446,"column":32}},"216":{"start":{"line":446,"column":14},"end":{"line":446,"column":32}},"217":{"start":{"line":447,"column":4},"end":{"line":447,"column":29}},"218":{"start":{"line":448,"column":4},"end":{"line":448,"column":21}},"219":{"start":{"line":449,"column":4},"end":{"line":449,"column":16}},"220":{"start":{"line":452,"column":2},"end":{"line":459,"column":3}},"221":{"start":{"line":453,"column":4},"end":{"line":453,"column":36}},"222":{"start":{"line":453,"column":16},"end":{"line":453,"column":36}},"223":{"start":{"line":454,"column":4},"end":{"line":454,"column":19}},"224":{"start":{"line":455,"column":4},"end":{"line":455,"column":32}},"225":{"start":{"line":455,"column":14},"end":{"line":455,"column":32}},"226":{"start":{"line":456,"column":4},"end":{"line":456,"column":30}},"227":{"start":{"line":457,"column":4},"end":{"line":457,"column":22}},"228":{"start":{"line":458,"column":4},"end":{"line":458,"column":16}},"229":{"start":{"line":461,"column":2},"end":{"line":468,"column":3}},"230":{"start":{"line":462,"column":4},"end":{"line":462,"column":36}},"231":{"start":{"line":462,"column":16},"end":{"line":462,"column":36}},"232":{"start":{"line":463,"column":4},"end":{"line":463,"column":19}},"233":{"start":{"line":464,"column":4},"end":{"line":464,"column":32}},"234":{"start":{"line":464,"column":14},"end":{"line":464,"column":32}},"235":{"start":{"line":465,"column":4},"end":{"line":465,"column":31}},"236":{"start":{"line":466,"column":4},"end":{"line":466,"column":22}},"237":{"start":{"line":467,"column":4},"end":{"line":467,"column":16}},"238":{"start":{"line":469,"column":2},"end":{"line":475,"column":5}},"239":{"start":{"line":470,"column":4},"end":{"line":474,"column":5}},"240":{"start":{"line":471,"column":6},"end":{"line":471,"column":20}},"241":{"start":{"line":473,"column":6},"end":{"line":473,"column":23}},"242":{"start":{"line":479,"column":0},"end":{"line":495,"column":3}},"243":{"start":{"line":481,"column":25},"end":{"line":481,"column":33}},"244":{"start":{"line":483,"column":2},"end":{"line":494,"column":4}},"245":{"start":{"line":487,"column":6},"end":{"line":492,"column":7}},"246":{"start":{"line":488,"column":8},"end":{"line":488,"column":33}},"247":{"start":{"line":489,"column":8},"end":{"line":489,"column":25}},"248":{"start":{"line":491,"column":8},"end":{"line":491,"column":25}},"249":{"start":{"line":497,"column":0},"end":{"line":548,"column":3}},"250":{"start":{"line":499,"column":45},"end":{"line":499,"column":53}},"251":{"start":{"line":500,"column":13},"end":{"line":500,"column":15}},"252":{"start":{"line":501,"column":13},"end":{"line":501,"column":18}},"253":{"start":{"line":502,"column":15},"end":{"line":502,"column":19}},"254":{"start":{"line":504,"column":4},"end":{"line":504,"column":157}},"255":{"start":{"line":506,"column":2},"end":{"line":513,"column":3}},"256":{"start":{"line":507,"column":4},"end":{"line":507,"column":36}},"257":{"start":{"line":507,"column":16},"end":{"line":507,"column":36}},"258":{"start":{"line":508,"column":4},"end":{"line":508,"column":19}},"259":{"start":{"line":509,"column":4},"end":{"line":509,"column":32}},"260":{"start":{"line":509,"column":14},"end":{"line":509,"column":32}},"261":{"start":{"line":510,"column":4},"end":{"line":510,"column":30}},"262":{"start":{"line":511,"column":4},"end":{"line":511,"column":22}},"263":{"start":{"line":512,"column":4},"end":{"line":512,"column":16}},"264":{"start":{"line":515,"column":2},"end":{"line":522,"column":3}},"265":{"start":{"line":516,"column":4},"end":{"line":516,"column":36}},"266":{"start":{"line":516,"column":16},"end":{"line":516,"column":36}},"267":{"start":{"line":517,"column":4},"end":{"line":517,"column":19}},"268":{"start":{"line":518,"column":4},"end":{"line":518,"column":32}},"269":{"start":{"line":518,"column":14},"end":{"line":518,"column":32}},"270":{"start":{"line":519,"column":4},"end":{"line":519,"column":31}},"271":{"start":{"line":520,"column":4},"end":{"line":520,"column":23}},"272":{"start":{"line":521,"column":4},"end":{"line":521,"column":16}},"273":{"start":{"line":524,"column":2},"end":{"line":531,"column":3}},"274":{"start":{"line":525,"column":4},"end":{"line":525,"column":36}},"275":{"start":{"line":525,"column":16},"end":{"line":525,"column":36}},"276":{"start":{"line":526,"column":4},"end":{"line":526,"column":19}},"277":{"start":{"line":527,"column":4},"end":{"line":527,"column":32}},"278":{"start":{"line":527,"column":14},"end":{"line":527,"column":32}},"279":{"start":{"line":528,"column":4},"end":{"line":528,"column":30}},"280":{"start":{"line":529,"column":4},"end":{"line":529,"column":21}},"281":{"start":{"line":530,"column":4},"end":{"line":530,"column":16}},"282":{"start":{"line":533,"column":2},"end":{"line":540,"column":3}},"283":{"start":{"line":534,"column":4},"end":{"line":534,"column":36}},"284":{"start":{"line":534,"column":16},"end":{"line":534,"column":36}},"285":{"start":{"line":535,"column":4},"end":{"line":535,"column":19}},"286":{"start":{"line":536,"column":4},"end":{"line":536,"column":31}},"287":{"start":{"line":537,"column":4},"end":{"line":537,"column":32}},"288":{"start":{"line":537,"column":14},"end":{"line":537,"column":32}},"289":{"start":{"line":538,"column":4},"end":{"line":538,"column":22}},"290":{"start":{"line":539,"column":4},"end":{"line":539,"column":16}},"291":{"start":{"line":541,"column":2},"end":{"line":547,"column":5}},"292":{"start":{"line":542,"column":4},"end":{"line":546,"column":5}},"293":{"start":{"line":543,"column":6},"end":{"line":543,"column":20}},"294":{"start":{"line":545,"column":6},"end":{"line":545,"column":23}},"295":{"start":{"line":550,"column":0},"end":{"line":588,"column":3}},"296":{"start":{"line":552,"column":38},"end":{"line":552,"column":46}},"297":{"start":{"line":553,"column":13},"end":{"line":553,"column":15}},"298":{"start":{"line":554,"column":15},"end":{"line":554,"column":19}},"299":{"start":{"line":555,"column":13},"end":{"line":555,"column":18}},"300":{"start":{"line":557,"column":4},"end":{"line":557,"column":113}},"301":{"start":{"line":559,"column":2},"end":{"line":559,"column":22}},"302":{"start":{"line":560,"column":2},"end":{"line":560,"column":40}},"303":{"start":{"line":561,"column":2},"end":{"line":561,"column":17}},"304":{"start":{"line":562,"column":2},"end":{"line":562,"column":14}},"305":{"start":{"line":564,"column":2},"end":{"line":570,"column":3}},"306":{"start":{"line":565,"column":4},"end":{"line":565,"column":36}},"307":{"start":{"line":565,"column":16},"end":{"line":565,"column":36}},"308":{"start":{"line":566,"column":4},"end":{"line":566,"column":19}},"309":{"start":{"line":567,"column":4},"end":{"line":567,"column":32}},"310":{"start":{"line":567,"column":14},"end":{"line":567,"column":32}},"311":{"start":{"line":568,"column":4},"end":{"line":568,"column":31}},"312":{"start":{"line":569,"column":4},"end":{"line":569,"column":21}},"313":{"start":{"line":571,"column":2},"end":{"line":571,"column":14}},"314":{"start":{"line":573,"column":2},"end":{"line":580,"column":3}},"315":{"start":{"line":574,"column":4},"end":{"line":574,"column":36}},"316":{"start":{"line":574,"column":16},"end":{"line":574,"column":36}},"317":{"start":{"line":575,"column":4},"end":{"line":575,"column":19}},"318":{"start":{"line":576,"column":4},"end":{"line":576,"column":32}},"319":{"start":{"line":576,"column":14},"end":{"line":576,"column":32}},"320":{"start":{"line":577,"column":4},"end":{"line":577,"column":33}},"321":{"start":{"line":578,"column":4},"end":{"line":578,"column":22}},"322":{"start":{"line":579,"column":4},"end":{"line":579,"column":16}},"323":{"start":{"line":581,"column":2},"end":{"line":587,"column":5}},"324":{"start":{"line":582,"column":4},"end":{"line":586,"column":5}},"325":{"start":{"line":583,"column":6},"end":{"line":583,"column":20}},"326":{"start":{"line":585,"column":6},"end":{"line":585,"column":23}},"327":{"start":{"line":590,"column":0},"end":{"line":605,"column":3}},"328":{"start":{"line":592,"column":41},"end":{"line":592,"column":49}},"329":{"start":{"line":593,"column":2},"end":{"line":604,"column":4}},"330":{"start":{"line":597,"column":6},"end":{"line":602,"column":7}},"331":{"start":{"line":598,"column":8},"end":{"line":598,"column":33}},"332":{"start":{"line":599,"column":8},"end":{"line":599,"column":25}},"333":{"start":{"line":601,"column":8},"end":{"line":601,"column":28}},"334":{"start":{"line":607,"column":0},"end":{"line":622,"column":3}},"335":{"start":{"line":609,"column":24},"end":{"line":609,"column":32}},"336":{"start":{"line":610,"column":2},"end":{"line":621,"column":4}},"337":{"start":{"line":614,"column":6},"end":{"line":619,"column":7}},"338":{"start":{"line":615,"column":8},"end":{"line":615,"column":33}},"339":{"start":{"line":616,"column":8},"end":{"line":616,"column":25}},"340":{"start":{"line":618,"column":8},"end":{"line":618,"column":28}},"341":{"start":{"line":624,"column":0},"end":{"line":639,"column":3}},"342":{"start":{"line":626,"column":25},"end":{"line":626,"column":33}},"343":{"start":{"line":627,"column":2},"end":{"line":638,"column":4}},"344":{"start":{"line":631,"column":6},"end":{"line":636,"column":7}},"345":{"start":{"line":632,"column":8},"end":{"line":632,"column":33}},"346":{"start":{"line":633,"column":8},"end":{"line":633,"column":25}},"347":{"start":{"line":635,"column":8},"end":{"line":635,"column":28}},"348":{"start":{"line":641,"column":0},"end":{"line":656,"column":3}},"349":{"start":{"line":643,"column":56},"end":{"line":643,"column":64}},"350":{"start":{"line":644,"column":2},"end":{"line":655,"column":4}},"351":{"start":{"line":648,"column":6},"end":{"line":653,"column":7}},"352":{"start":{"line":649,"column":8},"end":{"line":649,"column":33}},"353":{"start":{"line":650,"column":8},"end":{"line":650,"column":25}},"354":{"start":{"line":652,"column":8},"end":{"line":652,"column":28}},"355":{"start":{"line":658,"column":0},"end":{"line":673,"column":3}},"356":{"start":{"line":659,"column":20},"end":{"line":659,"column":28}},"357":{"start":{"line":660,"column":2},"end":{"line":660,"column":21}},"358":{"start":{"line":661,"column":2},"end":{"line":672,"column":4}},"359":{"start":{"line":665,"column":6},"end":{"line":670,"column":7}},"360":{"start":{"line":666,"column":8},"end":{"line":666,"column":25}},"361":{"start":{"line":668,"column":8},"end":{"line":668,"column":28}},"362":{"start":{"line":669,"column":8},"end":{"line":669,"column":28}},"363":{"start":{"line":675,"column":0},"end":{"line":729,"column":3}},"364":{"start":{"line":677,"column":43},"end":{"line":677,"column":51}},"365":{"start":{"line":678,"column":13},"end":{"line":678,"column":15}},"366":{"start":{"line":679,"column":13},"end":{"line":679,"column":18}},"367":{"start":{"line":680,"column":15},"end":{"line":680,"column":19}},"368":{"start":{"line":682,"column":4},"end":{"line":682,"column":122}},"369":{"start":{"line":684,"column":2},"end":{"line":691,"column":3}},"370":{"start":{"line":685,"column":4},"end":{"line":685,"column":36}},"371":{"start":{"line":685,"column":16},"end":{"line":685,"column":36}},"372":{"start":{"line":686,"column":4},"end":{"line":686,"column":19}},"373":{"start":{"line":687,"column":4},"end":{"line":687,"column":32}},"374":{"start":{"line":687,"column":14},"end":{"line":687,"column":32}},"375":{"start":{"line":688,"column":4},"end":{"line":688,"column":29}},"376":{"start":{"line":689,"column":4},"end":{"line":689,"column":21}},"377":{"start":{"line":690,"column":4},"end":{"line":690,"column":16}},"378":{"start":{"line":693,"column":2},"end":{"line":700,"column":3}},"379":{"start":{"line":694,"column":4},"end":{"line":694,"column":36}},"380":{"start":{"line":694,"column":16},"end":{"line":694,"column":36}},"381":{"start":{"line":695,"column":4},"end":{"line":695,"column":19}},"382":{"start":{"line":696,"column":4},"end":{"line":696,"column":32}},"383":{"start":{"line":696,"column":14},"end":{"line":696,"column":32}},"384":{"start":{"line":697,"column":4},"end":{"line":697,"column":29}},"385":{"start":{"line":698,"column":4},"end":{"line":698,"column":21}},"386":{"start":{"line":699,"column":4},"end":{"line":699,"column":16}},"387":{"start":{"line":702,"column":2},"end":{"line":709,"column":3}},"388":{"start":{"line":703,"column":4},"end":{"line":703,"column":36}},"389":{"start":{"line":703,"column":16},"end":{"line":703,"column":36}},"390":{"start":{"line":704,"column":4},"end":{"line":704,"column":19}},"391":{"start":{"line":705,"column":4},"end":{"line":705,"column":32}},"392":{"start":{"line":705,"column":14},"end":{"line":705,"column":32}},"393":{"start":{"line":706,"column":4},"end":{"line":706,"column":30}},"394":{"start":{"line":707,"column":4},"end":{"line":707,"column":22}},"395":{"start":{"line":708,"column":4},"end":{"line":708,"column":16}},"396":{"start":{"line":711,"column":2},"end":{"line":718,"column":3}},"397":{"start":{"line":712,"column":4},"end":{"line":712,"column":36}},"398":{"start":{"line":712,"column":16},"end":{"line":712,"column":36}},"399":{"start":{"line":713,"column":4},"end":{"line":713,"column":19}},"400":{"start":{"line":714,"column":4},"end":{"line":714,"column":32}},"401":{"start":{"line":714,"column":14},"end":{"line":714,"column":32}},"402":{"start":{"line":715,"column":4},"end":{"line":715,"column":31}},"403":{"start":{"line":716,"column":4},"end":{"line":716,"column":22}},"404":{"start":{"line":717,"column":4},"end":{"line":717,"column":16}},"405":{"start":{"line":720,"column":2},"end":{"line":720,"column":22}},"406":{"start":{"line":721,"column":2},"end":{"line":728,"column":5}},"407":{"start":{"line":722,"column":4},"end":{"line":727,"column":5}},"408":{"start":{"line":723,"column":6},"end":{"line":723,"column":20}},"409":{"start":{"line":725,"column":6},"end":{"line":725,"column":26}},"410":{"start":{"line":726,"column":6},"end":{"line":726,"column":23}},"411":{"start":{"line":731,"column":0},"end":{"line":746,"column":3}},"412":{"start":{"line":732,"column":17},"end":{"line":732,"column":25}},"413":{"start":{"line":734,"column":2},"end":{"line":745,"column":4}},"414":{"start":{"line":738,"column":6},"end":{"line":743,"column":7}},"415":{"start":{"line":739,"column":8},"end":{"line":739,"column":33}},"416":{"start":{"line":741,"column":8},"end":{"line":741,"column":28}},"417":{"start":{"line":742,"column":8},"end":{"line":742,"column":15}}},"fnMap":{"0":{"name":"(anonymous_0)","decl":{"start":{"line":18,"column":29},"end":{"line":18,"column":30}},"loc":{"start":{"line":18,"column":43},"end":{"line":31,"column":1}},"line":18},"1":{"name":"(anonymous_1)","decl":{"start":{"line":23,"column":4},"end":{"line":23,"column":5}},"loc":{"start":{"line":23,"column":27},"end":{"line":29,"column":5}},"line":23},"2":{"name":"(anonymous_2)","decl":{"start":{"line":33,"column":27},"end":{"line":33,"column":28}},"loc":{"start":{"line":33,"column":41},"end":{"line":64,"column":1}},"line":33},"3":{"name":"(anonymous_3)","decl":{"start":{"line":56,"column":4},"end":{"line":56,"column":5}},"loc":{"start":{"line":56,"column":27},"end":{"line":62,"column":5}},"line":56},"4":{"name":"(anonymous_4)","decl":{"start":{"line":67,"column":22},"end":{"line":67,"column":23}},"loc":{"start":{"line":67,"column":36},"end":{"line":82,"column":1}},"line":67},"5":{"name":"(anonymous_5)","decl":{"start":{"line":74,"column":4},"end":{"line":74,"column":5}},"loc":{"start":{"line":74,"column":27},"end":{"line":80,"column":5}},"line":74},"6":{"name":"(anonymous_6)","decl":{"start":{"line":86,"column":28},"end":{"line":86,"column":29}},"loc":{"start":{"line":86,"column":42},"end":{"line":99,"column":1}},"line":86},"7":{"name":"(anonymous_7)","decl":{"start":{"line":91,"column":4},"end":{"line":91,"column":5}},"loc":{"start":{"line":91,"column":27},"end":{"line":97,"column":5}},"line":91},"8":{"name":"(anonymous_8)","decl":{"start":{"line":101,"column":23},"end":{"line":101,"column":24}},"loc":{"start":{"line":101,"column":37},"end":{"line":114,"column":1}},"line":101},"9":{"name":"(anonymous_9)","decl":{"start":{"line":106,"column":4},"end":{"line":106,"column":5}},"loc":{"start":{"line":106,"column":27},"end":{"line":112,"column":5}},"line":106},"10":{"name":"(anonymous_10)","decl":{"start":{"line":117,"column":28},"end":{"line":117,"column":29}},"loc":{"start":{"line":117,"column":42},"end":{"line":130,"column":1}},"line":117},"11":{"name":"(anonymous_11)","decl":{"start":{"line":122,"column":4},"end":{"line":122,"column":5}},"loc":{"start":{"line":122,"column":27},"end":{"line":128,"column":5}},"line":122},"12":{"name":"(anonymous_12)","decl":{"start":{"line":132,"column":29},"end":{"line":132,"column":30}},"loc":{"start":{"line":132,"column":43},"end":{"line":145,"column":1}},"line":132},"13":{"name":"(anonymous_13)","decl":{"start":{"line":137,"column":4},"end":{"line":137,"column":5}},"loc":{"start":{"line":137,"column":27},"end":{"line":143,"column":5}},"line":137},"14":{"name":"(anonymous_14)","decl":{"start":{"line":148,"column":21},"end":{"line":148,"column":22}},"loc":{"start":{"line":148,"column":35},"end":{"line":163,"column":1}},"line":148},"15":{"name":"(anonymous_15)","decl":{"start":{"line":155,"column":4},"end":{"line":155,"column":5}},"loc":{"start":{"line":155,"column":27},"end":{"line":161,"column":5}},"line":155},"16":{"name":"(anonymous_16)","decl":{"start":{"line":166,"column":27},"end":{"line":166,"column":28}},"loc":{"start":{"line":166,"column":41},"end":{"line":181,"column":1}},"line":166},"17":{"name":"(anonymous_17)","decl":{"start":{"line":172,"column":4},"end":{"line":172,"column":5}},"loc":{"start":{"line":172,"column":27},"end":{"line":179,"column":5}},"line":172},"18":{"name":"(anonymous_18)","decl":{"start":{"line":184,"column":25},"end":{"line":184,"column":26}},"loc":{"start":{"line":184,"column":39},"end":{"line":199,"column":1}},"line":184},"19":{"name":"(anonymous_19)","decl":{"start":{"line":191,"column":4},"end":{"line":191,"column":5}},"loc":{"start":{"line":191,"column":27},"end":{"line":197,"column":5}},"line":191},"20":{"name":"(anonymous_20)","decl":{"start":{"line":203,"column":34},"end":{"line":203,"column":35}},"loc":{"start":{"line":203,"column":48},"end":{"line":253,"column":1}},"line":203},"21":{"name":"(anonymous_21)","decl":{"start":{"line":246,"column":38},"end":{"line":246,"column":39}},"loc":{"start":{"line":246,"column":61},"end":{"line":252,"column":3}},"line":246},"22":{"name":"(anonymous_22)","decl":{"start":{"line":256,"column":29},"end":{"line":256,"column":30}},"loc":{"start":{"line":256,"column":43},"end":{"line":287,"column":1}},"line":256},"23":{"name":"(anonymous_23)","decl":{"start":{"line":280,"column":38},"end":{"line":280,"column":39}},"loc":{"start":{"line":280,"column":61},"end":{"line":286,"column":3}},"line":280},"24":{"name":"(anonymous_24)","decl":{"start":{"line":289,"column":19},"end":{"line":289,"column":20}},"loc":{"start":{"line":289,"column":33},"end":{"line":305,"column":1}},"line":289},"25":{"name":"(anonymous_25)","decl":{"start":{"line":296,"column":4},"end":{"line":296,"column":5}},"loc":{"start":{"line":296,"column":27},"end":{"line":303,"column":5}},"line":296},"26":{"name":"(anonymous_26)","decl":{"start":{"line":308,"column":27},"end":{"line":308,"column":28}},"loc":{"start":{"line":308,"column":41},"end":{"line":319,"column":1}},"line":308},"27":{"name":"(anonymous_27)","decl":{"start":{"line":311,"column":56},"end":{"line":311,"column":57}},"loc":{"start":{"line":311,"column":79},"end":{"line":318,"column":3}},"line":311},"28":{"name":"(anonymous_28)","decl":{"start":{"line":322,"column":23},"end":{"line":322,"column":24}},"loc":{"start":{"line":322,"column":37},"end":{"line":330,"column":1}},"line":322},"29":{"name":"(anonymous_29)","decl":{"start":{"line":323,"column":47},"end":{"line":323,"column":48}},"loc":{"start":{"line":323,"column":70},"end":{"line":329,"column":3}},"line":323},"30":{"name":"(anonymous_30)","decl":{"start":{"line":333,"column":23},"end":{"line":333,"column":24}},"loc":{"start":{"line":333,"column":37},"end":{"line":341,"column":1}},"line":333},"31":{"name":"(anonymous_31)","decl":{"start":{"line":334,"column":46},"end":{"line":334,"column":47}},"loc":{"start":{"line":334,"column":69},"end":{"line":340,"column":3}},"line":334},"32":{"name":"(anonymous_32)","decl":{"start":{"line":344,"column":23},"end":{"line":344,"column":24}},"loc":{"start":{"line":344,"column":37},"end":{"line":352,"column":1}},"line":344},"33":{"name":"(anonymous_33)","decl":{"start":{"line":345,"column":48},"end":{"line":345,"column":49}},"loc":{"start":{"line":345,"column":71},"end":{"line":351,"column":3}},"line":345},"34":{"name":"(anonymous_34)","decl":{"start":{"line":358,"column":21},"end":{"line":358,"column":22}},"loc":{"start":{"line":358,"column":35},"end":{"line":372,"column":1}},"line":358},"35":{"name":"(anonymous_35)","decl":{"start":{"line":363,"column":4},"end":{"line":363,"column":5}},"loc":{"start":{"line":363,"column":27},"end":{"line":370,"column":5}},"line":363},"36":{"name":"(anonymous_36)","decl":{"start":{"line":375,"column":22},"end":{"line":375,"column":23}},"loc":{"start":{"line":375,"column":36},"end":{"line":398,"column":1}},"line":375},"37":{"name":"(anonymous_37)","decl":{"start":{"line":390,"column":4},"end":{"line":390,"column":5}},"loc":{"start":{"line":390,"column":27},"end":{"line":396,"column":5}},"line":390},"38":{"name":"(anonymous_38)","decl":{"start":{"line":401,"column":29},"end":{"line":401,"column":30}},"loc":{"start":{"line":401,"column":43},"end":{"line":416,"column":1}},"line":401},"39":{"name":"(anonymous_39)","decl":{"start":{"line":408,"column":4},"end":{"line":408,"column":5}},"loc":{"start":{"line":408,"column":27},"end":{"line":414,"column":5}},"line":408},"40":{"name":"(anonymous_40)","decl":{"start":{"line":420,"column":27},"end":{"line":420,"column":28}},"loc":{"start":{"line":420,"column":41},"end":{"line":476,"column":1}},"line":420},"41":{"name":"(anonymous_41)","decl":{"start":{"line":469,"column":38},"end":{"line":469,"column":39}},"loc":{"start":{"line":469,"column":61},"end":{"line":475,"column":3}},"line":469},"42":{"name":"(anonymous_42)","decl":{"start":{"line":479,"column":30},"end":{"line":479,"column":31}},"loc":{"start":{"line":479,"column":44},"end":{"line":495,"column":1}},"line":479},"43":{"name":"(anonymous_43)","decl":{"start":{"line":486,"column":4},"end":{"line":486,"column":5}},"loc":{"start":{"line":486,"column":27},"end":{"line":493,"column":5}},"line":486},"44":{"name":"(anonymous_44)","decl":{"start":{"line":497,"column":41},"end":{"line":497,"column":42}},"loc":{"start":{"line":497,"column":55},"end":{"line":548,"column":1}},"line":497},"45":{"name":"(anonymous_45)","decl":{"start":{"line":541,"column":38},"end":{"line":541,"column":39}},"loc":{"start":{"line":541,"column":61},"end":{"line":547,"column":3}},"line":541},"46":{"name":"(anonymous_46)","decl":{"start":{"line":550,"column":33},"end":{"line":550,"column":34}},"loc":{"start":{"line":550,"column":47},"end":{"line":588,"column":1}},"line":550},"47":{"name":"(anonymous_47)","decl":{"start":{"line":581,"column":38},"end":{"line":581,"column":39}},"loc":{"start":{"line":581,"column":61},"end":{"line":587,"column":3}},"line":581},"48":{"name":"(anonymous_48)","decl":{"start":{"line":590,"column":23},"end":{"line":590,"column":24}},"loc":{"start":{"line":590,"column":37},"end":{"line":605,"column":1}},"line":590},"49":{"name":"(anonymous_49)","decl":{"start":{"line":596,"column":4},"end":{"line":596,"column":5}},"loc":{"start":{"line":596,"column":27},"end":{"line":603,"column":5}},"line":596},"50":{"name":"(anonymous_50)","decl":{"start":{"line":607,"column":23},"end":{"line":607,"column":24}},"loc":{"start":{"line":607,"column":37},"end":{"line":622,"column":1}},"line":607},"51":{"name":"(anonymous_51)","decl":{"start":{"line":613,"column":4},"end":{"line":613,"column":5}},"loc":{"start":{"line":613,"column":27},"end":{"line":620,"column":5}},"line":613},"52":{"name":"(anonymous_52)","decl":{"start":{"line":624,"column":24},"end":{"line":624,"column":25}},"loc":{"start":{"line":624,"column":38},"end":{"line":639,"column":1}},"line":624},"53":{"name":"(anonymous_53)","decl":{"start":{"line":630,"column":4},"end":{"line":630,"column":5}},"loc":{"start":{"line":630,"column":27},"end":{"line":637,"column":5}},"line":630},"54":{"name":"(anonymous_54)","decl":{"start":{"line":641,"column":28},"end":{"line":641,"column":29}},"loc":{"start":{"line":641,"column":42},"end":{"line":656,"column":1}},"line":641},"55":{"name":"(anonymous_55)","decl":{"start":{"line":647,"column":4},"end":{"line":647,"column":5}},"loc":{"start":{"line":647,"column":27},"end":{"line":654,"column":5}},"line":647},"56":{"name":"(anonymous_56)","decl":{"start":{"line":658,"column":21},"end":{"line":658,"column":22}},"loc":{"start":{"line":658,"column":35},"end":{"line":673,"column":1}},"line":658},"57":{"name":"(anonymous_57)","decl":{"start":{"line":664,"column":4},"end":{"line":664,"column":5}},"loc":{"start":{"line":664,"column":27},"end":{"line":671,"column":5}},"line":664},"58":{"name":"(anonymous_58)","decl":{"start":{"line":675,"column":34},"end":{"line":675,"column":35}},"loc":{"start":{"line":675,"column":48},"end":{"line":729,"column":1}},"line":675},"59":{"name":"(anonymous_59)","decl":{"start":{"line":721,"column":38},"end":{"line":721,"column":39}},"loc":{"start":{"line":721,"column":61},"end":{"line":728,"column":3}},"line":721},"60":{"name":"(anonymous_60)","decl":{"start":{"line":731,"column":27},"end":{"line":731,"column":28}},"loc":{"start":{"line":731,"column":41},"end":{"line":746,"column":1}},"line":731},"61":{"name":"(anonymous_61)","decl":{"start":{"line":737,"column":4},"end":{"line":737,"column":5}},"loc":{"start":{"line":737,"column":27},"end":{"line":744,"column":5}},"line":737}},"branchMap":{"0":{"loc":{"start":{"line":24,"column":6},"end":{"line":28,"column":7}},"type":"if","locations":[{"start":{"line":24,"column":6},"end":{"line":28,"column":7}},{"start":{"line":26,"column":13},"end":{"line":28,"column":7}}],"line":24},"1":{"loc":{"start":{"line":57,"column":6},"end":{"line":61,"column":7}},"type":"if","locations":[{"start":{"line":57,"column":6},"end":{"line":61,"column":7}},{"start":{"line":59,"column":13},"end":{"line":61,"column":7}}],"line":57},"2":{"loc":{"start":{"line":75,"column":6},"end":{"line":79,"column":7}},"type":"if","locations":[{"start":{"line":75,"column":6},"end":{"line":79,"column":7}},{"start":{"line":77,"column":13},"end":{"line":79,"column":7}}],"line":75},"3":{"loc":{"start":{"line":92,"column":6},"end":{"line":96,"column":7}},"type":"if","locations":[{"start":{"line":92,"column":6},"end":{"line":96,"column":7}},{"start":{"line":94,"column":13},"end":{"line":96,"column":7}}],"line":92},"4":{"loc":{"start":{"line":107,"column":6},"end":{"line":111,"column":7}},"type":"if","locations":[{"start":{"line":107,"column":6},"end":{"line":111,"column":7}},{"start":{"line":109,"column":13},"end":{"line":111,"column":7}}],"line":107},"5":{"loc":{"start":{"line":123,"column":6},"end":{"line":127,"column":7}},"type":"if","locations":[{"start":{"line":123,"column":6},"end":{"line":127,"column":7}},{"start":{"line":125,"column":13},"end":{"line":127,"column":7}}],"line":123},"6":{"loc":{"start":{"line":138,"column":6},"end":{"line":142,"column":7}},"type":"if","locations":[{"start":{"line":138,"column":6},"end":{"line":142,"column":7}},{"start":{"line":140,"column":13},"end":{"line":142,"column":7}}],"line":138},"7":{"loc":{"start":{"line":156,"column":6},"end":{"line":160,"column":7}},"type":"if","locations":[{"start":{"line":156,"column":6},"end":{"line":160,"column":7}},{"start":{"line":158,"column":13},"end":{"line":160,"column":7}}],"line":156},"8":{"loc":{"start":{"line":173,"column":6},"end":{"line":178,"column":7}},"type":"if","locations":[{"start":{"line":173,"column":6},"end":{"line":178,"column":7}},{"start":{"line":175,"column":13},"end":{"line":178,"column":7}}],"line":173},"9":{"loc":{"start":{"line":192,"column":6},"end":{"line":196,"column":7}},"type":"if","locations":[{"start":{"line":192,"column":6},"end":{"line":196,"column":7}},{"start":{"line":194,"column":13},"end":{"line":196,"column":7}}],"line":192},"10":{"loc":{"start":{"line":211,"column":2},"end":{"line":218,"column":3}},"type":"if","locations":[{"start":{"line":211,"column":2},"end":{"line":218,"column":3}},{"start":{},"end":{}}],"line":211},"11":{"loc":{"start":{"line":211,"column":6},"end":{"line":211,"column":41}},"type":"binary-expr","locations":[{"start":{"line":211,"column":6},"end":{"line":211,"column":20}},{"start":{"line":211,"column":24},"end":{"line":211,"column":41}}],"line":211},"12":{"loc":{"start":{"line":212,"column":4},"end":{"line":212,"column":34}},"type":"if","locations":[{"start":{"line":212,"column":4},"end":{"line":212,"column":34}},{"start":{},"end":{}}],"line":212},"13":{"loc":{"start":{"line":214,"column":4},"end":{"line":214,"column":30}},"type":"if","locations":[{"start":{"line":214,"column":4},"end":{"line":214,"column":30}},{"start":{},"end":{}}],"line":214},"14":{"loc":{"start":{"line":219,"column":2},"end":{"line":226,"column":3}},"type":"if","locations":[{"start":{"line":219,"column":2},"end":{"line":226,"column":3}},{"start":{},"end":{}}],"line":219},"15":{"loc":{"start":{"line":219,"column":6},"end":{"line":219,"column":48}},"type":"binary-expr","locations":[{"start":{"line":219,"column":6},"end":{"line":219,"column":27}},{"start":{"line":219,"column":31},"end":{"line":219,"column":48}}],"line":219},"16":{"loc":{"start":{"line":220,"column":4},"end":{"line":220,"column":34}},"type":"if","locations":[{"start":{"line":220,"column":4},"end":{"line":220,"column":34}},{"start":{},"end":{}}],"line":220},"17":{"loc":{"start":{"line":222,"column":4},"end":{"line":222,"column":30}},"type":"if","locations":[{"start":{"line":222,"column":4},"end":{"line":222,"column":30}},{"start":{},"end":{}}],"line":222},"18":{"loc":{"start":{"line":228,"column":2},"end":{"line":235,"column":3}},"type":"if","locations":[{"start":{"line":228,"column":2},"end":{"line":235,"column":3}},{"start":{},"end":{}}],"line":228},"19":{"loc":{"start":{"line":228,"column":6},"end":{"line":228,"column":34}},"type":"binary-expr","locations":[{"start":{"line":228,"column":6},"end":{"line":228,"column":20}},{"start":{"line":228,"column":24},"end":{"line":228,"column":34}}],"line":228},"20":{"loc":{"start":{"line":229,"column":4},"end":{"line":229,"column":36}},"type":"if","locations":[{"start":{"line":229,"column":4},"end":{"line":229,"column":36}},{"start":{},"end":{}}],"line":229},"21":{"loc":{"start":{"line":231,"column":4},"end":{"line":231,"column":32}},"type":"if","locations":[{"start":{"line":231,"column":4},"end":{"line":231,"column":32}},{"start":{},"end":{}}],"line":231},"22":{"loc":{"start":{"line":237,"column":2},"end":{"line":244,"column":3}},"type":"if","locations":[{"start":{"line":237,"column":2},"end":{"line":244,"column":3}},{"start":{},"end":{}}],"line":237},"23":{"loc":{"start":{"line":237,"column":6},"end":{"line":237,"column":39}},"type":"binary-expr","locations":[{"start":{"line":237,"column":6},"end":{"line":237,"column":19}},{"start":{"line":237,"column":23},"end":{"line":237,"column":39}}],"line":237},"24":{"loc":{"start":{"line":238,"column":4},"end":{"line":238,"column":36}},"type":"if","locations":[{"start":{"line":238,"column":4},"end":{"line":238,"column":36}},{"start":{},"end":{}}],"line":238},"25":{"loc":{"start":{"line":240,"column":4},"end":{"line":240,"column":32}},"type":"if","locations":[{"start":{"line":240,"column":4},"end":{"line":240,"column":32}},{"start":{},"end":{}}],"line":240},"26":{"loc":{"start":{"line":247,"column":4},"end":{"line":251,"column":5}},"type":"if","locations":[{"start":{"line":247,"column":4},"end":{"line":251,"column":5}},{"start":{"line":249,"column":11},"end":{"line":251,"column":5}}],"line":247},"27":{"loc":{"start":{"line":263,"column":2},"end":{"line":270,"column":3}},"type":"if","locations":[{"start":{"line":263,"column":2},"end":{"line":270,"column":3}},{"start":{},"end":{}}],"line":263},"28":{"loc":{"start":{"line":263,"column":6},"end":{"line":263,"column":39}},"type":"binary-expr","locations":[{"start":{"line":263,"column":6},"end":{"line":263,"column":19}},{"start":{"line":263,"column":23},"end":{"line":263,"column":39}}],"line":263},"29":{"loc":{"start":{"line":264,"column":4},"end":{"line":264,"column":36}},"type":"if","locations":[{"start":{"line":264,"column":4},"end":{"line":264,"column":36}},{"start":{},"end":{}}],"line":264},"30":{"loc":{"start":{"line":266,"column":4},"end":{"line":266,"column":32}},"type":"if","locations":[{"start":{"line":266,"column":4},"end":{"line":266,"column":32}},{"start":{},"end":{}}],"line":266},"31":{"loc":{"start":{"line":271,"column":2},"end":{"line":278,"column":3}},"type":"if","locations":[{"start":{"line":271,"column":2},"end":{"line":278,"column":3}},{"start":{},"end":{}}],"line":271},"32":{"loc":{"start":{"line":271,"column":6},"end":{"line":271,"column":47}},"type":"binary-expr","locations":[{"start":{"line":271,"column":6},"end":{"line":271,"column":23}},{"start":{"line":271,"column":27},"end":{"line":271,"column":47}}],"line":271},"33":{"loc":{"start":{"line":272,"column":4},"end":{"line":272,"column":36}},"type":"if","locations":[{"start":{"line":272,"column":4},"end":{"line":272,"column":36}},{"start":{},"end":{}}],"line":272},"34":{"loc":{"start":{"line":274,"column":4},"end":{"line":274,"column":32}},"type":"if","locations":[{"start":{"line":274,"column":4},"end":{"line":274,"column":32}},{"start":{},"end":{}}],"line":274},"35":{"loc":{"start":{"line":281,"column":4},"end":{"line":285,"column":5}},"type":"if","locations":[{"start":{"line":281,"column":4},"end":{"line":285,"column":5}},{"start":{"line":283,"column":11},"end":{"line":285,"column":5}}],"line":281},"36":{"loc":{"start":{"line":297,"column":6},"end":{"line":302,"column":7}},"type":"if","locations":[{"start":{"line":297,"column":6},"end":{"line":302,"column":7}},{"start":{"line":299,"column":13},"end":{"line":302,"column":7}}],"line":297},"37":{"loc":{"start":{"line":312,"column":4},"end":{"line":317,"column":5}},"type":"if","locations":[{"start":{"line":312,"column":4},"end":{"line":317,"column":5}},{"start":{"line":314,"column":11},"end":{"line":317,"column":5}}],"line":312},"38":{"loc":{"start":{"line":324,"column":4},"end":{"line":328,"column":5}},"type":"if","locations":[{"start":{"line":324,"column":4},"end":{"line":328,"column":5}},{"start":{"line":326,"column":11},"end":{"line":328,"column":5}}],"line":324},"39":{"loc":{"start":{"line":335,"column":4},"end":{"line":339,"column":5}},"type":"if","locations":[{"start":{"line":335,"column":4},"end":{"line":339,"column":5}},{"start":{"line":337,"column":11},"end":{"line":339,"column":5}}],"line":335},"40":{"loc":{"start":{"line":346,"column":4},"end":{"line":350,"column":5}},"type":"if","locations":[{"start":{"line":346,"column":4},"end":{"line":350,"column":5}},{"start":{"line":348,"column":11},"end":{"line":350,"column":5}}],"line":346},"41":{"loc":{"start":{"line":364,"column":6},"end":{"line":369,"column":7}},"type":"if","locations":[{"start":{"line":364,"column":6},"end":{"line":369,"column":7}},{"start":{"line":367,"column":13},"end":{"line":369,"column":7}}],"line":364},"42":{"loc":{"start":{"line":391,"column":6},"end":{"line":395,"column":7}},"type":"if","locations":[{"start":{"line":391,"column":6},"end":{"line":395,"column":7}},{"start":{"line":393,"column":13},"end":{"line":395,"column":7}}],"line":391},"43":{"loc":{"start":{"line":409,"column":6},"end":{"line":413,"column":7}},"type":"if","locations":[{"start":{"line":409,"column":6},"end":{"line":413,"column":7}},{"start":{"line":411,"column":13},"end":{"line":413,"column":7}}],"line":409},"44":{"loc":{"start":{"line":434,"column":2},"end":{"line":441,"column":3}},"type":"if","locations":[{"start":{"line":434,"column":2},"end":{"line":441,"column":3}},{"start":{},"end":{}}],"line":434},"45":{"loc":{"start":{"line":434,"column":6},"end":{"line":434,"column":39}},"type":"binary-expr","locations":[{"start":{"line":434,"column":6},"end":{"line":434,"column":19}},{"start":{"line":434,"column":23},"end":{"line":434,"column":39}}],"line":434},"46":{"loc":{"start":{"line":435,"column":4},"end":{"line":435,"column":36}},"type":"if","locations":[{"start":{"line":435,"column":4},"end":{"line":435,"column":36}},{"start":{},"end":{}}],"line":435},"47":{"loc":{"start":{"line":437,"column":4},"end":{"line":437,"column":32}},"type":"if","locations":[{"start":{"line":437,"column":4},"end":{"line":437,"column":32}},{"start":{},"end":{}}],"line":437},"48":{"loc":{"start":{"line":443,"column":2},"end":{"line":450,"column":3}},"type":"if","locations":[{"start":{"line":443,"column":2},"end":{"line":450,"column":3}},{"start":{},"end":{}}],"line":443},"49":{"loc":{"start":{"line":443,"column":6},"end":{"line":443,"column":39}},"type":"binary-expr","locations":[{"start":{"line":443,"column":6},"end":{"line":443,"column":19}},{"start":{"line":443,"column":23},"end":{"line":443,"column":39}}],"line":443},"50":{"loc":{"start":{"line":444,"column":4},"end":{"line":444,"column":36}},"type":"if","locations":[{"start":{"line":444,"column":4},"end":{"line":444,"column":36}},{"start":{},"end":{}}],"line":444},"51":{"loc":{"start":{"line":446,"column":4},"end":{"line":446,"column":32}},"type":"if","locations":[{"start":{"line":446,"column":4},"end":{"line":446,"column":32}},{"start":{},"end":{}}],"line":446},"52":{"loc":{"start":{"line":452,"column":2},"end":{"line":459,"column":3}},"type":"if","locations":[{"start":{"line":452,"column":2},"end":{"line":459,"column":3}},{"start":{},"end":{}}],"line":452},"53":{"loc":{"start":{"line":452,"column":6},"end":{"line":452,"column":41}},"type":"binary-expr","locations":[{"start":{"line":452,"column":6},"end":{"line":452,"column":20}},{"start":{"line":452,"column":24},"end":{"line":452,"column":41}}],"line":452},"54":{"loc":{"start":{"line":453,"column":4},"end":{"line":453,"column":36}},"type":"if","locations":[{"start":{"line":453,"column":4},"end":{"line":453,"column":36}},{"start":{},"end":{}}],"line":453},"55":{"loc":{"start":{"line":455,"column":4},"end":{"line":455,"column":32}},"type":"if","locations":[{"start":{"line":455,"column":4},"end":{"line":455,"column":32}},{"start":{},"end":{}}],"line":455},"56":{"loc":{"start":{"line":461,"column":2},"end":{"line":468,"column":3}},"type":"if","locations":[{"start":{"line":461,"column":2},"end":{"line":468,"column":3}},{"start":{},"end":{}}],"line":461},"57":{"loc":{"start":{"line":461,"column":6},"end":{"line":461,"column":34}},"type":"binary-expr","locations":[{"start":{"line":461,"column":6},"end":{"line":461,"column":20}},{"start":{"line":461,"column":24},"end":{"line":461,"column":34}}],"line":461},"58":{"loc":{"start":{"line":462,"column":4},"end":{"line":462,"column":36}},"type":"if","locations":[{"start":{"line":462,"column":4},"end":{"line":462,"column":36}},{"start":{},"end":{}}],"line":462},"59":{"loc":{"start":{"line":464,"column":4},"end":{"line":464,"column":32}},"type":"if","locations":[{"start":{"line":464,"column":4},"end":{"line":464,"column":32}},{"start":{},"end":{}}],"line":464},"60":{"loc":{"start":{"line":470,"column":4},"end":{"line":474,"column":5}},"type":"if","locations":[{"start":{"line":470,"column":4},"end":{"line":474,"column":5}},{"start":{"line":472,"column":11},"end":{"line":474,"column":5}}],"line":470},"61":{"loc":{"start":{"line":487,"column":6},"end":{"line":492,"column":7}},"type":"if","locations":[{"start":{"line":487,"column":6},"end":{"line":492,"column":7}},{"start":{"line":490,"column":13},"end":{"line":492,"column":7}}],"line":487},"62":{"loc":{"start":{"line":506,"column":2},"end":{"line":513,"column":3}},"type":"if","locations":[{"start":{"line":506,"column":2},"end":{"line":513,"column":3}},{"start":{},"end":{}}],"line":506},"63":{"loc":{"start":{"line":506,"column":6},"end":{"line":506,"column":41}},"type":"binary-expr","locations":[{"start":{"line":506,"column":6},"end":{"line":506,"column":20}},{"start":{"line":506,"column":24},"end":{"line":506,"column":41}}],"line":506},"64":{"loc":{"start":{"line":507,"column":4},"end":{"line":507,"column":36}},"type":"if","locations":[{"start":{"line":507,"column":4},"end":{"line":507,"column":36}},{"start":{},"end":{}}],"line":507},"65":{"loc":{"start":{"line":509,"column":4},"end":{"line":509,"column":32}},"type":"if","locations":[{"start":{"line":509,"column":4},"end":{"line":509,"column":32}},{"start":{},"end":{}}],"line":509},"66":{"loc":{"start":{"line":515,"column":2},"end":{"line":522,"column":3}},"type":"if","locations":[{"start":{"line":515,"column":2},"end":{"line":522,"column":3}},{"start":{},"end":{}}],"line":515},"67":{"loc":{"start":{"line":515,"column":6},"end":{"line":515,"column":43}},"type":"binary-expr","locations":[{"start":{"line":515,"column":6},"end":{"line":515,"column":21}},{"start":{"line":515,"column":25},"end":{"line":515,"column":43}}],"line":515},"68":{"loc":{"start":{"line":516,"column":4},"end":{"line":516,"column":36}},"type":"if","locations":[{"start":{"line":516,"column":4},"end":{"line":516,"column":36}},{"start":{},"end":{}}],"line":516},"69":{"loc":{"start":{"line":518,"column":4},"end":{"line":518,"column":32}},"type":"if","locations":[{"start":{"line":518,"column":4},"end":{"line":518,"column":32}},{"start":{},"end":{}}],"line":518},"70":{"loc":{"start":{"line":524,"column":2},"end":{"line":531,"column":3}},"type":"if","locations":[{"start":{"line":524,"column":2},"end":{"line":531,"column":3}},{"start":{},"end":{}}],"line":524},"71":{"loc":{"start":{"line":524,"column":6},"end":{"line":524,"column":39}},"type":"binary-expr","locations":[{"start":{"line":524,"column":6},"end":{"line":524,"column":19}},{"start":{"line":524,"column":23},"end":{"line":524,"column":39}}],"line":524},"72":{"loc":{"start":{"line":525,"column":4},"end":{"line":525,"column":36}},"type":"if","locations":[{"start":{"line":525,"column":4},"end":{"line":525,"column":36}},{"start":{},"end":{}}],"line":525},"73":{"loc":{"start":{"line":527,"column":4},"end":{"line":527,"column":32}},"type":"if","locations":[{"start":{"line":527,"column":4},"end":{"line":527,"column":32}},{"start":{},"end":{}}],"line":527},"74":{"loc":{"start":{"line":533,"column":2},"end":{"line":540,"column":3}},"type":"if","locations":[{"start":{"line":533,"column":2},"end":{"line":540,"column":3}},{"start":{},"end":{}}],"line":533},"75":{"loc":{"start":{"line":533,"column":6},"end":{"line":533,"column":34}},"type":"binary-expr","locations":[{"start":{"line":533,"column":6},"end":{"line":533,"column":20}},{"start":{"line":533,"column":24},"end":{"line":533,"column":34}}],"line":533},"76":{"loc":{"start":{"line":534,"column":4},"end":{"line":534,"column":36}},"type":"if","locations":[{"start":{"line":534,"column":4},"end":{"line":534,"column":36}},{"start":{},"end":{}}],"line":534},"77":{"loc":{"start":{"line":537,"column":4},"end":{"line":537,"column":32}},"type":"if","locations":[{"start":{"line":537,"column":4},"end":{"line":537,"column":32}},{"start":{},"end":{}}],"line":537},"78":{"loc":{"start":{"line":542,"column":4},"end":{"line":546,"column":5}},"type":"if","locations":[{"start":{"line":542,"column":4},"end":{"line":546,"column":5}},{"start":{"line":544,"column":11},"end":{"line":546,"column":5}}],"line":542},"79":{"loc":{"start":{"line":564,"column":2},"end":{"line":570,"column":3}},"type":"if","locations":[{"start":{"line":564,"column":2},"end":{"line":570,"column":3}},{"start":{},"end":{}}],"line":564},"80":{"loc":{"start":{"line":564,"column":6},"end":{"line":564,"column":39}},"type":"binary-expr","locations":[{"start":{"line":564,"column":6},"end":{"line":564,"column":19}},{"start":{"line":564,"column":23},"end":{"line":564,"column":39}}],"line":564},"81":{"loc":{"start":{"line":565,"column":4},"end":{"line":565,"column":36}},"type":"if","locations":[{"start":{"line":565,"column":4},"end":{"line":565,"column":36}},{"start":{},"end":{}}],"line":565},"82":{"loc":{"start":{"line":567,"column":4},"end":{"line":567,"column":32}},"type":"if","locations":[{"start":{"line":567,"column":4},"end":{"line":567,"column":32}},{"start":{},"end":{}}],"line":567},"83":{"loc":{"start":{"line":573,"column":2},"end":{"line":580,"column":3}},"type":"if","locations":[{"start":{"line":573,"column":2},"end":{"line":580,"column":3}},{"start":{},"end":{}}],"line":573},"84":{"loc":{"start":{"line":573,"column":6},"end":{"line":573,"column":34}},"type":"binary-expr","locations":[{"start":{"line":573,"column":6},"end":{"line":573,"column":20}},{"start":{"line":573,"column":24},"end":{"line":573,"column":34}}],"line":573},"85":{"loc":{"start":{"line":574,"column":4},"end":{"line":574,"column":36}},"type":"if","locations":[{"start":{"line":574,"column":4},"end":{"line":574,"column":36}},{"start":{},"end":{}}],"line":574},"86":{"loc":{"start":{"line":576,"column":4},"end":{"line":576,"column":32}},"type":"if","locations":[{"start":{"line":576,"column":4},"end":{"line":576,"column":32}},{"start":{},"end":{}}],"line":576},"87":{"loc":{"start":{"line":582,"column":4},"end":{"line":586,"column":5}},"type":"if","locations":[{"start":{"line":582,"column":4},"end":{"line":586,"column":5}},{"start":{"line":584,"column":11},"end":{"line":586,"column":5}}],"line":582},"88":{"loc":{"start":{"line":597,"column":6},"end":{"line":602,"column":7}},"type":"if","locations":[{"start":{"line":597,"column":6},"end":{"line":602,"column":7}},{"start":{"line":600,"column":13},"end":{"line":602,"column":7}}],"line":597},"89":{"loc":{"start":{"line":614,"column":6},"end":{"line":619,"column":7}},"type":"if","locations":[{"start":{"line":614,"column":6},"end":{"line":619,"column":7}},{"start":{"line":617,"column":13},"end":{"line":619,"column":7}}],"line":614},"90":{"loc":{"start":{"line":631,"column":6},"end":{"line":636,"column":7}},"type":"if","locations":[{"start":{"line":631,"column":6},"end":{"line":636,"column":7}},{"start":{"line":634,"column":13},"end":{"line":636,"column":7}}],"line":631},"91":{"loc":{"start":{"line":648,"column":6},"end":{"line":653,"column":7}},"type":"if","locations":[{"start":{"line":648,"column":6},"end":{"line":653,"column":7}},{"start":{"line":651,"column":13},"end":{"line":653,"column":7}}],"line":648},"92":{"loc":{"start":{"line":665,"column":6},"end":{"line":670,"column":7}},"type":"if","locations":[{"start":{"line":665,"column":6},"end":{"line":670,"column":7}},{"start":{"line":667,"column":13},"end":{"line":670,"column":7}}],"line":665},"93":{"loc":{"start":{"line":684,"column":2},"end":{"line":691,"column":3}},"type":"if","locations":[{"start":{"line":684,"column":2},"end":{"line":691,"column":3}},{"start":{},"end":{}}],"line":684},"94":{"loc":{"start":{"line":684,"column":6},"end":{"line":684,"column":39}},"type":"binary-expr","locations":[{"start":{"line":684,"column":6},"end":{"line":684,"column":19}},{"start":{"line":684,"column":23},"end":{"line":684,"column":39}}],"line":684},"95":{"loc":{"start":{"line":685,"column":4},"end":{"line":685,"column":36}},"type":"if","locations":[{"start":{"line":685,"column":4},"end":{"line":685,"column":36}},{"start":{},"end":{}}],"line":685},"96":{"loc":{"start":{"line":687,"column":4},"end":{"line":687,"column":32}},"type":"if","locations":[{"start":{"line":687,"column":4},"end":{"line":687,"column":32}},{"start":{},"end":{}}],"line":687},"97":{"loc":{"start":{"line":693,"column":2},"end":{"line":700,"column":3}},"type":"if","locations":[{"start":{"line":693,"column":2},"end":{"line":700,"column":3}},{"start":{},"end":{}}],"line":693},"98":{"loc":{"start":{"line":693,"column":6},"end":{"line":693,"column":39}},"type":"binary-expr","locations":[{"start":{"line":693,"column":6},"end":{"line":693,"column":19}},{"start":{"line":693,"column":23},"end":{"line":693,"column":39}}],"line":693},"99":{"loc":{"start":{"line":694,"column":4},"end":{"line":694,"column":36}},"type":"if","locations":[{"start":{"line":694,"column":4},"end":{"line":694,"column":36}},{"start":{},"end":{}}],"line":694},"100":{"loc":{"start":{"line":696,"column":4},"end":{"line":696,"column":32}},"type":"if","locations":[{"start":{"line":696,"column":4},"end":{"line":696,"column":32}},{"start":{},"end":{}}],"line":696},"101":{"loc":{"start":{"line":702,"column":2},"end":{"line":709,"column":3}},"type":"if","locations":[{"start":{"line":702,"column":2},"end":{"line":709,"column":3}},{"start":{},"end":{}}],"line":702},"102":{"loc":{"start":{"line":702,"column":6},"end":{"line":702,"column":41}},"type":"binary-expr","locations":[{"start":{"line":702,"column":6},"end":{"line":702,"column":20}},{"start":{"line":702,"column":24},"end":{"line":702,"column":41}}],"line":702},"103":{"loc":{"start":{"line":703,"column":4},"end":{"line":703,"column":36}},"type":"if","locations":[{"start":{"line":703,"column":4},"end":{"line":703,"column":36}},{"start":{},"end":{}}],"line":703},"104":{"loc":{"start":{"line":705,"column":4},"end":{"line":705,"column":32}},"type":"if","locations":[{"start":{"line":705,"column":4},"end":{"line":705,"column":32}},{"start":{},"end":{}}],"line":705},"105":{"loc":{"start":{"line":711,"column":2},"end":{"line":718,"column":3}},"type":"if","locations":[{"start":{"line":711,"column":2},"end":{"line":718,"column":3}},{"start":{},"end":{}}],"line":711},"106":{"loc":{"start":{"line":711,"column":6},"end":{"line":711,"column":34}},"type":"binary-expr","locations":[{"start":{"line":711,"column":6},"end":{"line":711,"column":20}},{"start":{"line":711,"column":24},"end":{"line":711,"column":34}}],"line":711},"107":{"loc":{"start":{"line":712,"column":4},"end":{"line":712,"column":36}},"type":"if","locations":[{"start":{"line":712,"column":4},"end":{"line":712,"column":36}},{"start":{},"end":{}}],"line":712},"108":{"loc":{"start":{"line":714,"column":4},"end":{"line":714,"column":32}},"type":"if","locations":[{"start":{"line":714,"column":4},"end":{"line":714,"column":32}},{"start":{},"end":{}}],"line":714},"109":{"loc":{"start":{"line":722,"column":4},"end":{"line":727,"column":5}},"type":"if","locations":[{"start":{"line":722,"column":4},"end":{"line":727,"column":5}},{"start":{"line":724,"column":11},"end":{"line":727,"column":5}}],"line":722},"110":{"loc":{"start":{"line":738,"column":6},"end":{"line":743,"column":7}},"type":"if","locations":[{"start":{"line":738,"column":6},"end":{"line":743,"column":7}},{"start":{"line":740,"column":13},"end":{"line":743,"column":7}}],"line":738}},"s":{"0":1,"1":1,"2":1,"3":1,"4":1,"5":0,"6":0,"7":0,"8":0,"9":0,"10":1,"11":0,"12":0,"13":0,"14":0,"15":0,"16":1,"17":0,"18":0,"19":0,"20":0,"21":0,"22":0,"23":1,"24":0,"25":0,"26":0,"27":0,"28":0,"29":1,"30":0,"31":0,"32":0,"33":0,"34":0,"35":1,"36":0,"37":0,"38":0,"39":0,"40":0,"41":1,"42":6,"43":6,"44":6,"45":0,"46":6,"47":1,"48":6,"49":6,"50":6,"51":6,"52":0,"53":6,"54":1,"55":0,"56":0,"57":0,"58":0,"59":0,"60":0,"61":1,"62":0,"63":0,"64":0,"65":0,"66":0,"67":1,"68":0,"69":0,"70":0,"71":0,"72":0,"73":0,"74":0,"75":0,"76":0,"77":0,"78":0,"79":0,"80":0,"81":0,"82":0,"83":0,"84":0,"85":0,"86":0,"87":0,"88":0,"89":0,"90":0,"91":0,"92":0,"93":0,"94":0,"95":0,"96":0,"97":0,"98":0,"99":0,"100":0,"101":0,"102":0,"103":0,"104":0,"105":0,"106":0,"107":0,"108":0,"109":0,"110":0,"111":0,"112":0,"113":0,"114":1,"115":0,"116":0,"117":0,"118":0,"119":0,"120":0,"121":0,"122":0,"123":0,"124":0,"125":0,"126":0,"127":0,"128":0,"129":0,"130":0,"131":0,"132":0,"133":0,"134":0,"135":0,"136":0,"137":0,"138":0,"139":0,"140":0,"141":0,"142":0,"143":1,"144":3,"145":3,"146":3,"147":3,"148":0,"149":3,"150":3,"151":1,"152":0,"153":0,"154":0,"155":0,"156":0,"157":0,"158":1,"159":0,"160":0,"161":0,"162":0,"163":1,"164":0,"165":0,"166":0,"167":0,"168":1,"169":0,"170":0,"171":0,"172":0,"173":1,"174":3,"175":3,"176":3,"177":0,"178":0,"179":3,"180":1,"181":3,"182":3,"183":3,"184":0,"185":3,"186":1,"187":3,"188":3,"189":3,"190":0,"191":3,"192":1,"193":0,"194":0,"195":0,"196":0,"197":0,"198":0,"199":0,"200":0,"201":0,"202":0,"203":0,"204":0,"205":0,"206":0,"207":0,"208":0,"209":0,"210":0,"211":0,"212":0,"213":0,"214":0,"215":0,"216":0,"217":0,"218":0,"219":0,"220":0,"221":0,"222":0,"223":0,"224":0,"225":0,"226":0,"227":0,"228":0,"229":0,"230":0,"231":0,"232":0,"233":0,"234":0,"235":0,"236":0,"237":0,"238":0,"239":0,"240":0,"241":0,"242":1,"243":0,"244":0,"245":0,"246":0,"247":0,"248":0,"249":1,"250":0,"251":0,"252":0,"253":0,"254":0,"255":0,"256":0,"257":0,"258":0,"259":0,"260":0,"261":0,"262":0,"263":0,"264":0,"265":0,"266":0,"267":0,"268":0,"269":0,"270":0,"271":0,"272":0,"273":0,"274":0,"275":0,"276":0,"277":0,"278":0,"279":0,"280":0,"281":0,"282":0,"283":0,"284":0,"285":0,"286":0,"287":0,"288":0,"289":0,"290":0,"291":0,"292":0,"293":0,"294":0,"295":1,"296":0,"297":0,"298":0,"299":0,"300":0,"301":0,"302":0,"303":0,"304":0,"305":0,"306":0,"307":0,"308":0,"309":0,"310":0,"311":0,"312":0,"313":0,"314":0,"315":0,"316":0,"317":0,"318":0,"319":0,"320":0,"321":0,"322":0,"323":0,"324":0,"325":0,"326":0,"327":1,"328":3,"329":3,"330":3,"331":0,"332":0,"333":3,"334":1,"335":3,"336":3,"337":3,"338":0,"339":0,"340":3,"341":1,"342":3,"343":3,"344":3,"345":0,"346":0,"347":3,"348":1,"349":3,"350":3,"351":3,"352":0,"353":0,"354":3,"355":1,"356":0,"357":0,"358":0,"359":0,"360":0,"361":0,"362":0,"363":1,"364":0,"365":0,"366":0,"367":0,"368":0,"369":0,"370":0,"371":0,"372":0,"373":0,"374":0,"375":0,"376":0,"377":0,"378":0,"379":0,"380":0,"381":0,"382":0,"383":0,"384":0,"385":0,"386":0,"387":0,"388":0,"389":0,"390":0,"391":0,"392":0,"393":0,"394":0,"395":0,"396":0,"397":0,"398":0,"399":0,"400":0,"401":0,"402":0,"403":0,"404":0,"405":0,"406":0,"407":0,"408":0,"409":0,"410":0,"411":1,"412":0,"413":0,"414":0,"415":0,"416":0,"417":0},"f":{"0":0,"1":0,"2":0,"3":0,"4":0,"5":0,"6":0,"7":0,"8":0,"9":0,"10":0,"11":0,"12":6,"13":6,"14":6,"15":6,"16":0,"17":0,"18":0,"19":0,"20":0,"21":0,"22":0,"23":0,"24":3,"25":3,"26":0,"27":0,"28":0,"29":0,"30":0,"31":0,"32":0,"33":0,"34":3,"35":3,"36":3,"37":3,"38":3,"39":3,"40":0,"41":0,"42":0,"43":0,"44":0,"45":0,"46":0,"47":0,"48":3,"49":3,"50":3,"51":3,"52":3,"53":3,"54":3,"55":3,"56":0,"57":0,"58":0,"59":0,"60":0,"61":0},"b":{"0":[0,0],"1":[0,0],"2":[0,0],"3":[0,0],"4":[0,0],"5":[0,0],"6":[0,6],"7":[0,6],"8":[0,0],"9":[0,0],"10":[0,0],"11":[0,0],"12":[0,0],"13":[0,0],"14":[0,0],"15":[0,0],"16":[0,0],"17":[0,0],"18":[0,0],"19":[0,0],"20":[0,0],"21":[0,0],"22":[0,0],"23":[0,0],"24":[0,0],"25":[0,0],"26":[0,0],"27":[0,0],"28":[0,0],"29":[0,0],"30":[0,0],"31":[0,0],"32":[0,0],"33":[0,0],"34":[0,0],"35":[0,0],"36":[0,3],"37":[0,0],"38":[0,0],"39":[0,0],"40":[0,0],"41":[0,3],"42":[0,3],"43":[0,3],"44":[0,0],"45":[0,0],"46":[0,0],"47":[0,0],"48":[0,0],"49":[0,0],"50":[0,0],"51":[0,0],"52":[0,0],"53":[0,0],"54":[0,0],"55":[0,0],"56":[0,0],"57":[0,0],"58":[0,0],"59":[0,0],"60":[0,0],"61":[0,0],"62":[0,0],"63":[0,0],"64":[0,0],"65":[0,0],"66":[0,0],"67":[0,0],"68":[0,0],"69":[0,0],"70":[0,0],"71":[0,0],"72":[0,0],"73":[0,0],"74":[0,0],"75":[0,0],"76":[0,0],"77":[0,0],"78":[0,0],"79":[0,0],"80":[0,0],"81":[0,0],"82":[0,0],"83":[0,0],"84":[0,0],"85":[0,0],"86":[0,0],"87":[0,0],"88":[0,3],"89":[0,3],"90":[0,3],"91":[0,3],"92":[0,0],"93":[0,0],"94":[0,0],"95":[0,0],"96":[0,0],"97":[0,0],"98":[0,0],"99":[0,0],"100":[0,0],"101":[0,0],"102":[0,0],"103":[0,0],"104":[0,0],"105":[0,0],"106":[0,0],"107":[0,0],"108":[0,0],"109":[0,0],"110":[0,0]},"_coverageSchema":"1a1c01bbd47fc00a2c39e90264f33305004495a9","hash":"5b80ac46b553da81d953ea3b66f801daf3ffa25f"}
}
