TN:
SF:index.js
FN:18,(anonymous_0)
FN:23,(anonymous_1)
FN:33,(anonymous_2)
FN:56,(anonymous_3)
FN:67,(anonymous_4)
FN:74,(anonymous_5)
FN:86,(anonymous_6)
FN:91,(anonymous_7)
FN:101,(anonymous_8)
FN:106,(anonymous_9)
FN:117,(anonymous_10)
FN:122,(anonymous_11)
FN:132,(anonymous_12)
FN:137,(anonymous_13)
FN:148,(anonymous_14)
FN:155,(anonymous_15)
FN:166,(anonymous_16)
FN:172,(anonymous_17)
FN:184,(anonymous_18)
FN:191,(anonymous_19)
FN:203,(anonymous_20)
FN:246,(anonymous_21)
FN:256,(anonymous_22)
FN:280,(anonymous_23)
FN:289,(anonymous_24)
FN:296,(anonymous_25)
FN:308,(anonymous_26)
FN:311,(anonymous_27)
FN:322,(anonymous_28)
FN:323,(anonymous_29)
FN:333,(anonymous_30)
FN:334,(anonymous_31)
FN:344,(anonymous_32)
FN:345,(anonymous_33)
FN:358,(anonymous_34)
FN:363,(anonymous_35)
FN:375,(anonymous_36)
FN:390,(anonymous_37)
FN:401,(anonymous_38)
FN:408,(anonymous_39)
FN:420,(anonymous_40)
FN:469,(anonymous_41)
FN:479,(anonymous_42)
FN:486,(anonymous_43)
FN:497,(anonymous_44)
FN:541,(anonymous_45)
FN:550,(anonymous_46)
FN:581,(anonymous_47)
FN:590,(anonymous_48)
FN:596,(anonymous_49)
FN:607,(anonymous_50)
FN:613,(anonymous_51)
FN:624,(anonymous_52)
FN:630,(anonymous_53)
FN:641,(anonymous_54)
FN:647,(anonymous_55)
FN:658,(anonymous_56)
FN:664,(anonymous_57)
FN:675,(anonymous_58)
FN:721,(anonymous_59)
FN:731,(anonymous_60)
FN:737,(anonymous_61)
FNF:62
FNH:30
FNDA:1,(anonymous_0)
FNDA:1,(anonymous_1)
FNDA:1,(anonymous_2)
FNDA:1,(anonymous_3)
FNDA:0,(anonymous_4)
FNDA:0,(anonymous_5)
FNDA:0,(anonymous_6)
FNDA:0,(anonymous_7)
FNDA:0,(anonymous_8)
FNDA:0,(anonymous_9)
FNDA:0,(anonymous_10)
FNDA:0,(anonymous_11)
FNDA:6,(anonymous_12)
FNDA:6,(anonymous_13)
FNDA:6,(anonymous_14)
FNDA:6,(anonymous_15)
FNDA:0,(anonymous_16)
FNDA:0,(anonymous_17)
FNDA:0,(anonymous_18)
FNDA:0,(anonymous_19)
FNDA:0,(anonymous_20)
FNDA:0,(anonymous_21)
FNDA:0,(anonymous_22)
FNDA:0,(anonymous_23)
FNDA:3,(anonymous_24)
FNDA:3,(anonymous_25)
FNDA:0,(anonymous_26)
FNDA:0,(anonymous_27)
FNDA:1,(anonymous_28)
FNDA:1,(anonymous_29)
FNDA:1,(anonymous_30)
FNDA:1,(anonymous_31)
FNDA:1,(anonymous_32)
FNDA:1,(anonymous_33)
FNDA:3,(anonymous_34)
FNDA:3,(anonymous_35)
FNDA:3,(anonymous_36)
FNDA:3,(anonymous_37)
FNDA:3,(anonymous_38)
FNDA:3,(anonymous_39)
FNDA:0,(anonymous_40)
FNDA:0,(anonymous_41)
FNDA:0,(anonymous_42)
FNDA:0,(anonymous_43)
FNDA:0,(anonymous_44)
FNDA:0,(anonymous_45)
FNDA:0,(anonymous_46)
FNDA:0,(anonymous_47)
FNDA:3,(anonymous_48)
FNDA:3,(anonymous_49)
FNDA:3,(anonymous_50)
FNDA:3,(anonymous_51)
FNDA:3,(anonymous_52)
FNDA:3,(anonymous_53)
FNDA:3,(anonymous_54)
FNDA:3,(anonymous_55)
FNDA:0,(anonymous_56)
FNDA:0,(anonymous_57)
FNDA:0,(anonymous_58)
FNDA:0,(anonymous_59)
FNDA:0,(anonymous_60)
FNDA:0,(anonymous_61)
DA:5,1
DA:6,1
DA:7,1
DA:10,1
DA:18,1
DA:19,1
DA:20,1
DA:24,1
DA:25,0
DA:27,1
DA:33,1
DA:43,1
DA:44,1
DA:57,1
DA:58,0
DA:60,1
DA:67,1
DA:68,0
DA:69,0
DA:70,0
DA:75,0
DA:76,0
DA:78,0
DA:86,1
DA:87,0
DA:88,0
DA:92,0
DA:93,0
DA:95,0
DA:101,1
DA:102,0
DA:103,0
DA:107,0
DA:108,0
DA:110,0
DA:117,1
DA:118,0
DA:119,0
DA:123,0
DA:124,0
DA:126,0
DA:132,1
DA:133,6
DA:134,6
DA:138,6
DA:139,0
DA:141,6
DA:148,1
DA:149,6
DA:150,6
DA:152,6
DA:156,6
DA:157,0
DA:159,6
DA:166,1
DA:167,0
DA:169,0
DA:173,0
DA:174,0
DA:176,0
DA:177,0
DA:184,1
DA:185,0
DA:186,0
DA:192,0
DA:193,0
DA:195,0
DA:203,1
DA:204,0
DA:205,0
DA:206,0
DA:207,0
DA:209,0
DA:211,0
DA:212,0
DA:213,0
DA:214,0
DA:215,0
DA:216,0
DA:217,0
DA:219,0
DA:220,0
DA:221,0
DA:222,0
DA:223,0
DA:224,0
DA:225,0
DA:228,0
DA:229,0
DA:230,0
DA:231,0
DA:232,0
DA:233,0
DA:234,0
DA:237,0
DA:238,0
DA:239,0
DA:240,0
DA:241,0
DA:242,0
DA:243,0
DA:245,0
DA:246,0
DA:247,0
DA:248,0
DA:250,0
DA:256,1
DA:257,0
DA:258,0
DA:259,0
DA:260,0
DA:261,0
DA:263,0
DA:264,0
DA:265,0
DA:266,0
DA:267,0
DA:268,0
DA:269,0
DA:271,0
DA:272,0
DA:273,0
DA:274,0
DA:275,0
DA:276,0
DA:277,0
DA:279,0
DA:280,0
DA:281,0
DA:282,0
DA:284,0
DA:289,1
DA:290,3
DA:291,3
DA:293,3
DA:297,3
DA:298,0
DA:300,3
DA:301,3
DA:308,1
DA:309,0
DA:311,0
DA:312,0
DA:313,0
DA:315,0
DA:316,0
DA:322,1
DA:323,1
DA:324,1
DA:325,0
DA:327,1
DA:333,1
DA:334,1
DA:335,1
DA:336,0
DA:338,1
DA:344,1
DA:345,1
DA:346,1
DA:347,0
DA:349,1
DA:358,1
DA:359,3
DA:360,3
DA:364,3
DA:365,0
DA:366,0
DA:368,3
DA:375,1
DA:385,3
DA:387,3
DA:391,3
DA:392,0
DA:394,3
DA:401,1
DA:403,3
DA:405,3
DA:409,3
DA:410,0
DA:412,3
DA:420,1
DA:422,0
DA:423,0
DA:424,0
DA:425,0
DA:427,0
DA:429,0
DA:430,0
DA:431,0
DA:432,0
DA:434,0
DA:435,0
DA:436,0
DA:437,0
DA:438,0
DA:439,0
DA:440,0
DA:443,0
DA:444,0
DA:445,0
DA:446,0
DA:447,0
DA:448,0
DA:449,0
DA:452,0
DA:453,0
DA:454,0
DA:455,0
DA:456,0
DA:457,0
DA:458,0
DA:461,0
DA:462,0
DA:463,0
DA:464,0
DA:465,0
DA:466,0
DA:467,0
DA:469,0
DA:470,0
DA:471,0
DA:473,0
DA:479,1
DA:481,0
DA:483,0
DA:487,0
DA:488,0
DA:489,0
DA:491,0
DA:497,1
DA:499,0
DA:500,0
DA:501,0
DA:502,0
DA:504,0
DA:506,0
DA:507,0
DA:508,0
DA:509,0
DA:510,0
DA:511,0
DA:512,0
DA:515,0
DA:516,0
DA:517,0
DA:518,0
DA:519,0
DA:520,0
DA:521,0
DA:524,0
DA:525,0
DA:526,0
DA:527,0
DA:528,0
DA:529,0
DA:530,0
DA:533,0
DA:534,0
DA:535,0
DA:536,0
DA:537,0
DA:538,0
DA:539,0
DA:541,0
DA:542,0
DA:543,0
DA:545,0
DA:550,1
DA:552,0
DA:553,0
DA:554,0
DA:555,0
DA:557,0
DA:559,0
DA:560,0
DA:561,0
DA:562,0
DA:564,0
DA:565,0
DA:566,0
DA:567,0
DA:568,0
DA:569,0
DA:571,0
DA:573,0
DA:574,0
DA:575,0
DA:576,0
DA:577,0
DA:578,0
DA:579,0
DA:581,0
DA:582,0
DA:583,0
DA:585,0
DA:590,1
DA:592,3
DA:593,3
DA:597,3
DA:598,0
DA:599,0
DA:601,3
DA:607,1
DA:609,3
DA:610,3
DA:614,3
DA:615,0
DA:616,0
DA:618,3
DA:624,1
DA:626,3
DA:627,3
DA:631,3
DA:632,0
DA:633,0
DA:635,3
DA:641,1
DA:643,3
DA:644,3
DA:648,3
DA:649,0
DA:650,0
DA:652,3
DA:658,1
DA:659,0
DA:660,0
DA:661,0
DA:665,0
DA:666,0
DA:668,0
DA:669,0
DA:675,1
DA:677,0
DA:678,0
DA:679,0
DA:680,0
DA:682,0
DA:684,0
DA:685,0
DA:686,0
DA:687,0
DA:688,0
DA:689,0
DA:690,0
DA:693,0
DA:694,0
DA:695,0
DA:696,0
DA:697,0
DA:698,0
DA:699,0
DA:702,0
DA:703,0
DA:704,0
DA:705,0
DA:706,0
DA:707,0
DA:708,0
DA:711,0
DA:712,0
DA:713,0
DA:714,0
DA:715,0
DA:716,0
DA:717,0
DA:720,0
DA:721,0
DA:722,0
DA:723,0
DA:725,0
DA:726,0
DA:731,1
DA:732,0
DA:734,0
DA:738,0
DA:739,0
DA:741,0
DA:742,0
LF:378
LH:95
BRDA:24,0,0,0
BRDA:24,0,1,1
BRDA:57,1,0,0
BRDA:57,1,1,1
BRDA:75,2,0,0
BRDA:75,2,1,0
BRDA:92,3,0,0
BRDA:92,3,1,0
BRDA:107,4,0,0
BRDA:107,4,1,0
BRDA:123,5,0,0
BRDA:123,5,1,0
BRDA:138,6,0,0
BRDA:138,6,1,6
BRDA:156,7,0,0
BRDA:156,7,1,6
BRDA:173,8,0,0
BRDA:173,8,1,0
BRDA:192,9,0,0
BRDA:192,9,1,0
BRDA:211,10,0,0
BRDA:211,10,1,0
BRDA:211,11,0,0
BRDA:211,11,1,0
BRDA:212,12,0,0
BRDA:212,12,1,0
BRDA:214,13,0,0
BRDA:214,13,1,0
BRDA:219,14,0,0
BRDA:219,14,1,0
BRDA:219,15,0,0
BRDA:219,15,1,0
BRDA:220,16,0,0
BRDA:220,16,1,0
BRDA:222,17,0,0
BRDA:222,17,1,0
BRDA:228,18,0,0
BRDA:228,18,1,0
BRDA:228,19,0,0
BRDA:228,19,1,0
BRDA:229,20,0,0
BRDA:229,20,1,0
BRDA:231,21,0,0
BRDA:231,21,1,0
BRDA:237,22,0,0
BRDA:237,22,1,0
BRDA:237,23,0,0
BRDA:237,23,1,0
BRDA:238,24,0,0
BRDA:238,24,1,0
BRDA:240,25,0,0
BRDA:240,25,1,0
BRDA:247,26,0,0
BRDA:247,26,1,0
BRDA:263,27,0,0
BRDA:263,27,1,0
BRDA:263,28,0,0
BRDA:263,28,1,0
BRDA:264,29,0,0
BRDA:264,29,1,0
BRDA:266,30,0,0
BRDA:266,30,1,0
BRDA:271,31,0,0
BRDA:271,31,1,0
BRDA:271,32,0,0
BRDA:271,32,1,0
BRDA:272,33,0,0
BRDA:272,33,1,0
BRDA:274,34,0,0
BRDA:274,34,1,0
BRDA:281,35,0,0
BRDA:281,35,1,0
BRDA:297,36,0,0
BRDA:297,36,1,3
BRDA:312,37,0,0
BRDA:312,37,1,0
BRDA:324,38,0,0
BRDA:324,38,1,1
BRDA:335,39,0,0
BRDA:335,39,1,1
BRDA:346,40,0,0
BRDA:346,40,1,1
BRDA:364,41,0,0
BRDA:364,41,1,3
BRDA:391,42,0,0
BRDA:391,42,1,3
BRDA:409,43,0,0
BRDA:409,43,1,3
BRDA:434,44,0,0
BRDA:434,44,1,0
BRDA:434,45,0,0
BRDA:434,45,1,0
BRDA:435,46,0,0
BRDA:435,46,1,0
BRDA:437,47,0,0
BRDA:437,47,1,0
BRDA:443,48,0,0
BRDA:443,48,1,0
BRDA:443,49,0,0
BRDA:443,49,1,0
BRDA:444,50,0,0
BRDA:444,50,1,0
BRDA:446,51,0,0
BRDA:446,51,1,0
BRDA:452,52,0,0
BRDA:452,52,1,0
BRDA:452,53,0,0
BRDA:452,53,1,0
BRDA:453,54,0,0
BRDA:453,54,1,0
BRDA:455,55,0,0
BRDA:455,55,1,0
BRDA:461,56,0,0
BRDA:461,56,1,0
BRDA:461,57,0,0
BRDA:461,57,1,0
BRDA:462,58,0,0
BRDA:462,58,1,0
BRDA:464,59,0,0
BRDA:464,59,1,0
BRDA:470,60,0,0
BRDA:470,60,1,0
BRDA:487,61,0,0
BRDA:487,61,1,0
BRDA:506,62,0,0
BRDA:506,62,1,0
BRDA:506,63,0,0
BRDA:506,63,1,0
BRDA:507,64,0,0
BRDA:507,64,1,0
BRDA:509,65,0,0
BRDA:509,65,1,0
BRDA:515,66,0,0
BRDA:515,66,1,0
BRDA:515,67,0,0
BRDA:515,67,1,0
BRDA:516,68,0,0
BRDA:516,68,1,0
BRDA:518,69,0,0
BRDA:518,69,1,0
BRDA:524,70,0,0
BRDA:524,70,1,0
BRDA:524,71,0,0
BRDA:524,71,1,0
BRDA:525,72,0,0
BRDA:525,72,1,0
BRDA:527,73,0,0
BRDA:527,73,1,0
BRDA:533,74,0,0
BRDA:533,74,1,0
BRDA:533,75,0,0
BRDA:533,75,1,0
BRDA:534,76,0,0
BRDA:534,76,1,0
BRDA:537,77,0,0
BRDA:537,77,1,0
BRDA:542,78,0,0
BRDA:542,78,1,0
BRDA:564,79,0,0
BRDA:564,79,1,0
BRDA:564,80,0,0
BRDA:564,80,1,0
BRDA:565,81,0,0
BRDA:565,81,1,0
BRDA:567,82,0,0
BRDA:567,82,1,0
BRDA:573,83,0,0
BRDA:573,83,1,0
BRDA:573,84,0,0
BRDA:573,84,1,0
BRDA:574,85,0,0
BRDA:574,85,1,0
BRDA:576,86,0,0
BRDA:576,86,1,0
BRDA:582,87,0,0
BRDA:582,87,1,0
BRDA:597,88,0,0
BRDA:597,88,1,3
BRDA:614,89,0,0
BRDA:614,89,1,3
BRDA:631,90,0,0
BRDA:631,90,1,3
BRDA:648,91,0,0
BRDA:648,91,1,3
BRDA:665,92,0,0
BRDA:665,92,1,0
BRDA:684,93,0,0
BRDA:684,93,1,0
BRDA:684,94,0,0
BRDA:684,94,1,0
BRDA:685,95,0,0
BRDA:685,95,1,0
BRDA:687,96,0,0
BRDA:687,96,1,0
BRDA:693,97,0,0
BRDA:693,97,1,0
BRDA:693,98,0,0
BRDA:693,98,1,0
BRDA:694,99,0,0
BRDA:694,99,1,0
BRDA:696,100,0,0
BRDA:696,100,1,0
BRDA:702,101,0,0
BRDA:702,101,1,0
BRDA:702,102,0,0
BRDA:702,102,1,0
BRDA:703,103,0,0
BRDA:703,103,1,0
BRDA:705,104,0,0
BRDA:705,104,1,0
BRDA:711,105,0,0
BRDA:711,105,1,0
BRDA:711,106,0,0
BRDA:711,106,1,0
BRDA:712,107,0,0
BRDA:712,107,1,0
BRDA:714,108,0,0
BRDA:714,108,1,0
BRDA:722,109,0,0
BRDA:722,109,1,0
BRDA:738,110,0,0
BRDA:738,110,1,0
BRF:222
BRH:15
end_of_record
