TN:
SF:index.js
FN:18,(anonymous_0)
FN:23,(anonymous_1)
FN:33,(anonymous_2)
FN:56,(anonymous_3)
FN:67,(anonymous_4)
FN:74,(anonymous_5)
FN:86,(anonymous_6)
FN:91,(anonymous_7)
FN:101,(anonymous_8)
FN:106,(anonymous_9)
FN:117,(anonymous_10)
FN:122,(anonymous_11)
FN:132,(anonymous_12)
FN:137,(anonymous_13)
FN:148,(anonymous_14)
FN:155,(anonymous_15)
FN:166,(anonymous_16)
FN:172,(anonymous_17)
FN:184,(anonymous_18)
FN:191,(anonymous_19)
FN:203,(anonymous_20)
FN:246,(anonymous_21)
FN:256,(anonymous_22)
FN:280,(anonymous_23)
FN:289,(anonymous_24)
FN:296,(anonymous_25)
FN:308,(anonymous_26)
FN:311,(anonymous_27)
FN:322,(anonymous_28)
FN:323,(anonymous_29)
FN:333,(anonymous_30)
FN:334,(anonymous_31)
FN:344,(anonymous_32)
FN:345,(anonymous_33)
FN:358,(anonymous_34)
FN:364,(anonymous_35)
FN:376,(anonymous_36)
FN:384,(anonymous_37)
FN:395,(anonymous_38)
FN:402,(anonymous_39)
FN:414,(anonymous_40)
FN:463,(anonymous_41)
FN:473,(anonymous_42)
FN:480,(anonymous_43)
FN:491,(anonymous_44)
FN:535,(anonymous_45)
FN:544,(anonymous_46)
FN:575,(anonymous_47)
FNF:48
FNH:2
FNDA:0,(anonymous_0)
FNDA:0,(anonymous_1)
FNDA:0,(anonymous_2)
FNDA:0,(anonymous_3)
FNDA:0,(anonymous_4)
FNDA:0,(anonymous_5)
FNDA:0,(anonymous_6)
FNDA:0,(anonymous_7)
FNDA:0,(anonymous_8)
FNDA:0,(anonymous_9)
FNDA:0,(anonymous_10)
FNDA:0,(anonymous_11)
FNDA:0,(anonymous_12)
FNDA:0,(anonymous_13)
FNDA:0,(anonymous_14)
FNDA:0,(anonymous_15)
FNDA:0,(anonymous_16)
FNDA:0,(anonymous_17)
FNDA:0,(anonymous_18)
FNDA:0,(anonymous_19)
FNDA:0,(anonymous_20)
FNDA:0,(anonymous_21)
FNDA:0,(anonymous_22)
FNDA:0,(anonymous_23)
FNDA:3,(anonymous_24)
FNDA:3,(anonymous_25)
FNDA:0,(anonymous_26)
FNDA:0,(anonymous_27)
FNDA:0,(anonymous_28)
FNDA:0,(anonymous_29)
FNDA:0,(anonymous_30)
FNDA:0,(anonymous_31)
FNDA:0,(anonymous_32)
FNDA:0,(anonymous_33)
FNDA:0,(anonymous_34)
FNDA:0,(anonymous_35)
FNDA:0,(anonymous_36)
FNDA:0,(anonymous_37)
FNDA:0,(anonymous_38)
FNDA:0,(anonymous_39)
FNDA:0,(anonymous_40)
FNDA:0,(anonymous_41)
FNDA:0,(anonymous_42)
FNDA:0,(anonymous_43)
FNDA:0,(anonymous_44)
FNDA:0,(anonymous_45)
FNDA:0,(anonymous_46)
FNDA:0,(anonymous_47)
DA:5,1
DA:6,1
DA:7,1
DA:10,1
DA:18,1
DA:19,0
DA:20,0
DA:24,0
DA:25,0
DA:27,0
DA:33,1
DA:43,0
DA:44,0
DA:57,0
DA:58,0
DA:60,0
DA:67,1
DA:68,0
DA:69,0
DA:70,0
DA:75,0
DA:76,0
DA:78,0
DA:86,1
DA:87,0
DA:88,0
DA:92,0
DA:93,0
DA:95,0
DA:101,1
DA:102,0
DA:103,0
DA:107,0
DA:108,0
DA:110,0
DA:117,1
DA:118,0
DA:119,0
DA:123,0
DA:124,0
DA:126,0
DA:132,1
DA:133,0
DA:134,0
DA:138,0
DA:139,0
DA:141,0
DA:148,1
DA:149,0
DA:150,0
DA:152,0
DA:156,0
DA:157,0
DA:159,0
DA:166,1
DA:167,0
DA:169,0
DA:173,0
DA:174,0
DA:176,0
DA:177,0
DA:184,1
DA:185,0
DA:186,0
DA:192,0
DA:193,0
DA:195,0
DA:203,1
DA:204,0
DA:205,0
DA:206,0
DA:207,0
DA:209,0
DA:211,0
DA:212,0
DA:213,0
DA:214,0
DA:215,0
DA:216,0
DA:217,0
DA:219,0
DA:220,0
DA:221,0
DA:222,0
DA:223,0
DA:224,0
DA:225,0
DA:228,0
DA:229,0
DA:230,0
DA:231,0
DA:232,0
DA:233,0
DA:234,0
DA:237,0
DA:238,0
DA:239,0
DA:240,0
DA:241,0
DA:242,0
DA:243,0
DA:246,0
DA:247,0
DA:248,0
DA:250,0
DA:256,1
DA:257,0
DA:258,0
DA:259,0
DA:260,0
DA:261,0
DA:263,0
DA:264,0
DA:265,0
DA:266,0
DA:267,0
DA:268,0
DA:269,0
DA:271,0
DA:272,0
DA:273,0
DA:274,0
DA:275,0
DA:276,0
DA:277,0
DA:279,0
DA:280,0
DA:281,0
DA:282,0
DA:284,0
DA:289,1
DA:290,3
DA:291,3
DA:293,3
DA:297,3
DA:298,0
DA:300,3
DA:301,3
DA:308,1
DA:309,0
DA:311,0
DA:312,0
DA:313,0
DA:315,0
DA:316,0
DA:322,1
DA:323,0
DA:324,0
DA:325,0
DA:327,0
DA:333,1
DA:334,0
DA:335,0
DA:336,0
DA:338,0
DA:344,1
DA:345,0
DA:346,0
DA:347,0
DA:349,0
DA:358,1
DA:359,0
DA:360,0
DA:361,0
DA:365,0
DA:366,0
DA:367,0
DA:369,0
DA:376,1
DA:379,0
DA:381,0
DA:385,0
DA:386,0
DA:388,0
DA:395,1
DA:397,0
DA:399,0
DA:403,0
DA:404,0
DA:406,0
DA:414,1
DA:416,0
DA:417,0
DA:418,0
DA:419,0
DA:421,0
DA:423,0
DA:424,0
DA:425,0
DA:426,0
DA:428,0
DA:429,0
DA:430,0
DA:431,0
DA:432,0
DA:433,0
DA:434,0
DA:437,0
DA:438,0
DA:439,0
DA:440,0
DA:441,0
DA:442,0
DA:443,0
DA:446,0
DA:447,0
DA:448,0
DA:449,0
DA:450,0
DA:451,0
DA:452,0
DA:455,0
DA:456,0
DA:457,0
DA:458,0
DA:459,0
DA:460,0
DA:461,0
DA:463,0
DA:464,0
DA:465,0
DA:467,0
DA:473,1
DA:475,0
DA:477,0
DA:481,0
DA:482,0
DA:483,0
DA:485,0
DA:491,1
DA:493,0
DA:494,0
DA:495,0
DA:496,0
DA:498,0
DA:500,0
DA:501,0
DA:502,0
DA:503,0
DA:504,0
DA:505,0
DA:506,0
DA:509,0
DA:510,0
DA:511,0
DA:512,0
DA:513,0
DA:514,0
DA:515,0
DA:518,0
DA:519,0
DA:520,0
DA:521,0
DA:522,0
DA:523,0
DA:524,0
DA:527,0
DA:528,0
DA:529,0
DA:530,0
DA:531,0
DA:532,0
DA:533,0
DA:535,0
DA:536,0
DA:537,0
DA:539,0
DA:544,1
DA:546,0
DA:547,0
DA:548,0
DA:549,0
DA:551,0
DA:553,0
DA:554,0
DA:555,0
DA:556,0
DA:558,0
DA:559,0
DA:560,0
DA:561,0
DA:562,0
DA:563,0
DA:565,0
DA:567,0
DA:568,0
DA:569,0
DA:570,0
DA:571,0
DA:572,0
DA:573,0
DA:575,0
DA:576,0
DA:577,0
DA:579,0
LF:295
LH:34
BRDA:24,0,0,0
BRDA:24,0,1,0
BRDA:57,1,0,0
BRDA:57,1,1,0
BRDA:75,2,0,0
BRDA:75,2,1,0
BRDA:92,3,0,0
BRDA:92,3,1,0
BRDA:107,4,0,0
BRDA:107,4,1,0
BRDA:123,5,0,0
BRDA:123,5,1,0
BRDA:138,6,0,0
BRDA:138,6,1,0
BRDA:156,7,0,0
BRDA:156,7,1,0
BRDA:173,8,0,0
BRDA:173,8,1,0
BRDA:192,9,0,0
BRDA:192,9,1,0
BRDA:211,10,0,0
BRDA:211,10,1,0
BRDA:211,11,0,0
BRDA:211,11,1,0
BRDA:212,12,0,0
BRDA:212,12,1,0
BRDA:214,13,0,0
BRDA:214,13,1,0
BRDA:219,14,0,0
BRDA:219,14,1,0
BRDA:219,15,0,0
BRDA:219,15,1,0
BRDA:220,16,0,0
BRDA:220,16,1,0
BRDA:222,17,0,0
BRDA:222,17,1,0
BRDA:228,18,0,0
BRDA:228,18,1,0
BRDA:228,19,0,0
BRDA:228,19,1,0
BRDA:229,20,0,0
BRDA:229,20,1,0
BRDA:231,21,0,0
BRDA:231,21,1,0
BRDA:237,22,0,0
BRDA:237,22,1,0
BRDA:237,23,0,0
BRDA:237,23,1,0
BRDA:238,24,0,0
BRDA:238,24,1,0
BRDA:240,25,0,0
BRDA:240,25,1,0
BRDA:247,26,0,0
BRDA:247,26,1,0
BRDA:263,27,0,0
BRDA:263,27,1,0
BRDA:263,28,0,0
BRDA:263,28,1,0
BRDA:264,29,0,0
BRDA:264,29,1,0
BRDA:266,30,0,0
BRDA:266,30,1,0
BRDA:271,31,0,0
BRDA:271,31,1,0
BRDA:271,32,0,0
BRDA:271,32,1,0
BRDA:272,33,0,0
BRDA:272,33,1,0
BRDA:274,34,0,0
BRDA:274,34,1,0
BRDA:281,35,0,0
BRDA:281,35,1,0
BRDA:297,36,0,0
BRDA:297,36,1,3
BRDA:312,37,0,0
BRDA:312,37,1,0
BRDA:324,38,0,0
BRDA:324,38,1,0
BRDA:335,39,0,0
BRDA:335,39,1,0
BRDA:346,40,0,0
BRDA:346,40,1,0
BRDA:365,41,0,0
BRDA:365,41,1,0
BRDA:385,42,0,0
BRDA:385,42,1,0
BRDA:403,43,0,0
BRDA:403,43,1,0
BRDA:428,44,0,0
BRDA:428,44,1,0
BRDA:428,45,0,0
BRDA:428,45,1,0
BRDA:429,46,0,0
BRDA:429,46,1,0
BRDA:431,47,0,0
BRDA:431,47,1,0
BRDA:437,48,0,0
BRDA:437,48,1,0
BRDA:437,49,0,0
BRDA:437,49,1,0
BRDA:438,50,0,0
BRDA:438,50,1,0
BRDA:440,51,0,0
BRDA:440,51,1,0
BRDA:446,52,0,0
BRDA:446,52,1,0
BRDA:446,53,0,0
BRDA:446,53,1,0
BRDA:447,54,0,0
BRDA:447,54,1,0
BRDA:449,55,0,0
BRDA:449,55,1,0
BRDA:455,56,0,0
BRDA:455,56,1,0
BRDA:455,57,0,0
BRDA:455,57,1,0
BRDA:456,58,0,0
BRDA:456,58,1,0
BRDA:458,59,0,0
BRDA:458,59,1,0
BRDA:464,60,0,0
BRDA:464,60,1,0
BRDA:481,61,0,0
BRDA:481,61,1,0
BRDA:500,62,0,0
BRDA:500,62,1,0
BRDA:500,63,0,0
BRDA:500,63,1,0
BRDA:501,64,0,0
BRDA:501,64,1,0
BRDA:503,65,0,0
BRDA:503,65,1,0
BRDA:509,66,0,0
BRDA:509,66,1,0
BRDA:509,67,0,0
BRDA:509,67,1,0
BRDA:510,68,0,0
BRDA:510,68,1,0
BRDA:512,69,0,0
BRDA:512,69,1,0
BRDA:518,70,0,0
BRDA:518,70,1,0
BRDA:518,71,0,0
BRDA:518,71,1,0
BRDA:519,72,0,0
BRDA:519,72,1,0
BRDA:521,73,0,0
BRDA:521,73,1,0
BRDA:527,74,0,0
BRDA:527,74,1,0
BRDA:527,75,0,0
BRDA:527,75,1,0
BRDA:528,76,0,0
BRDA:528,76,1,0
BRDA:531,77,0,0
BRDA:531,77,1,0
BRDA:536,78,0,0
BRDA:536,78,1,0
BRDA:558,79,0,0
BRDA:558,79,1,0
BRDA:558,80,0,0
BRDA:558,80,1,0
BRDA:559,81,0,0
BRDA:559,81,1,0
BRDA:561,82,0,0
BRDA:561,82,1,0
BRDA:567,83,0,0
BRDA:567,83,1,0
BRDA:567,84,0,0
BRDA:567,84,1,0
BRDA:568,85,0,0
BRDA:568,85,1,0
BRDA:570,86,0,0
BRDA:570,86,1,0
BRDA:576,87,0,0
BRDA:576,87,1,0
BRF:176
BRH:1
end_of_record
